D, [2019-09-10T18:23:30.980821 #12996] DEBUG -- :   [1m[35m (41.2ms)[0m  [1m[35mSET NAMES utf8,  @@SESSION.sql_mode = CONCAT(CONCAT(@@sql_mode, ',STRICT_ALL_TABLES'), ',NO_AUTO_VALUE_ON_ZERO'),  @@SESSION.sql_auto_is_null = 0, @@SESSION.wait_timeout = 2147483[0m
D, [2019-09-10T18:23:31.136401 #12996] DEBUG -- :   [1m[35m (149.1ms)[0m  [1m[35mCREATE DATABASE `app_production` DEFAULT CHARACTER SET `utf8`[0m
D, [2019-09-10T18:24:02.423808 #13043] DEBUG -- :   [1m[35m (6.7ms)[0m  [1m[35mSET NAMES utf8,  @@SESSION.sql_mode = CONCAT(CONCAT(@@sql_mode, ',STRICT_ALL_TABLES'), ',NO_AUTO_VALUE_ON_ZERO'),  @@SESSION.sql_auto_is_null = 0, @@SESSION.wait_timeout = 2147483[0m
D, [2019-09-10T18:24:03.191768 #13043] DEBUG -- :   [1m[35m (530.0ms)[0m  [1m[35mCREATE TABLE `schema_migrations` (`version` varchar(255) NOT NULL PRIMARY KEY)[0m
D, [2019-09-10T18:24:03.254130 #13043] DEBUG -- :   [1m[35m (51.9ms)[0m  [1m[35mCREATE TABLE `ar_internal_metadata` (`key` varchar(255) NOT NULL PRIMARY KEY, `value` varchar(255), `created_at` datetime NOT NULL, `updated_at` datetime NOT NULL)[0m
D, [2019-09-10T18:24:03.263404 #13043] DEBUG -- :   [1m[35m (7.5ms)[0m  [1m[34mSELECT GET_LOCK('4615154450383096620', 0)[0m
D, [2019-09-10T18:24:03.364611 #13043] DEBUG -- :   [1m[35m (24.6ms)[0m  [1m[34mSELECT `schema_migrations`.`version` FROM `schema_migrations` ORDER BY `schema_migrations`.`version` ASC[0m
I, [2019-09-10T18:24:03.369391 #13043]  INFO -- : Migrating to CreateUsers (20180518043239)
D, [2019-09-10T18:24:03.432184 #13043] DEBUG -- :   [1m[35m (55.5ms)[0m  [1m[35mCREATE TABLE `users` (`id` int NOT NULL AUTO_INCREMENT PRIMARY KEY, `name` varchar(255), `email` varchar(255), `password_digest` varchar(255), `created_at` datetime NOT NULL, `updated_at` datetime NOT NULL) ENGINE=InnoDB[0m
D, [2019-09-10T18:24:03.447016 #13043] DEBUG -- :   [1m[35m (4.0ms)[0m  [1m[35mBEGIN[0m
D, [2019-09-10T18:24:03.453575 #13043] DEBUG -- :   [1m[36mActiveRecord::SchemaMigration Create (5.1ms)[0m  [1m[32mINSERT INTO `schema_migrations` (`version`) VALUES ('20180518043239')[0m
D, [2019-09-10T18:24:03.457019 #13043] DEBUG -- :   [1m[35m (2.0ms)[0m  [1m[35mCOMMIT[0m
I, [2019-09-10T18:24:03.457144 #13043]  INFO -- : Migrating to CreateRestaurants (20180525042902)
D, [2019-09-10T18:24:03.514904 #13043] DEBUG -- :   [1m[35m (53.7ms)[0m  [1m[35mCREATE TABLE `restaurants` (`id` int NOT NULL AUTO_INCREMENT PRIMARY KEY, `g_id` varchar(255), `name` varchar(255), `url` varchar(255), `pc` varchar(255), `shop_image1` varchar(255), `pr_short` varchar(255), `created_at` datetime NOT NULL, `updated_at` datetime NOT NULL) ENGINE=InnoDB[0m
D, [2019-09-10T18:24:03.516598 #13043] DEBUG -- :   [1m[35m (0.3ms)[0m  [1m[35mBEGIN[0m
D, [2019-09-10T18:24:03.519204 #13043] DEBUG -- :   [1m[36mActiveRecord::SchemaMigration Create (2.1ms)[0m  [1m[32mINSERT INTO `schema_migrations` (`version`) VALUES ('20180525042902')[0m
D, [2019-09-10T18:24:03.520738 #13043] DEBUG -- :   [1m[35m (1.3ms)[0m  [1m[35mCOMMIT[0m
I, [2019-09-10T18:24:03.520970 #13043]  INFO -- : Migrating to CreateLikes (20180525045957)
D, [2019-09-10T18:24:03.653047 #13043] DEBUG -- :   [1m[35m (111.4ms)[0m  [1m[35mCREATE TABLE `likes` (`id` int NOT NULL AUTO_INCREMENT PRIMARY KEY, `type` varchar(255), `user_id` int, `restaurant_id` int, `created_at` datetime NOT NULL, `updated_at` datetime NOT NULL,  INDEX `index_likes_on_user_id`  (`user_id`),  INDEX `index_likes_on_restaurant_id`  (`restaurant_id`), UNIQUE INDEX `index_likes_on_user_id_and_restaurant_id_and_type`  (`user_id`, `restaurant_id`, `type`), CONSTRAINT `fk_rails_1e09b5dabf`
FOREIGN KEY (`user_id`)
  REFERENCES `users` (`id`)
, CONSTRAINT `fk_rails_95783ab6c9`
FOREIGN KEY (`restaurant_id`)
  REFERENCES `restaurants` (`id`)
) ENGINE=InnoDB[0m
D, [2019-09-10T18:24:03.653664 #13043] DEBUG -- :   [1m[35m (0.2ms)[0m  [1m[35mBEGIN[0m
D, [2019-09-10T18:24:03.657782 #13043] DEBUG -- :   [1m[36mActiveRecord::SchemaMigration Create (2.4ms)[0m  [1m[32mINSERT INTO `schema_migrations` (`version`) VALUES ('20180525045957')[0m
D, [2019-09-10T18:24:03.659393 #13043] DEBUG -- :   [1m[35m (1.4ms)[0m  [1m[35mCOMMIT[0m
I, [2019-09-10T18:24:03.659481 #13043]  INFO -- : Migrating to RemoveTypeFromLikes (20190720025247)
D, [2019-09-10T18:24:03.894632 #13043] DEBUG -- :   [1m[35m (127.5ms)[0m  [1m[35mALTER TABLE `likes` DROP COLUMN `type`[0m
D, [2019-09-10T18:24:03.895236 #13043] DEBUG -- :   [1m[35m (0.2ms)[0m  [1m[35mBEGIN[0m
D, [2019-09-10T18:24:03.897405 #13043] DEBUG -- :   [1m[36mActiveRecord::SchemaMigration Create (0.5ms)[0m  [1m[32mINSERT INTO `schema_migrations` (`version`) VALUES ('20190720025247')[0m
D, [2019-09-10T18:24:03.899196 #13043] DEBUG -- :   [1m[35m (1.5ms)[0m  [1m[35mCOMMIT[0m
I, [2019-09-10T18:24:03.899301 #13043]  INFO -- : Migrating to AddBirthdayToUser (20190722053907)
D, [2019-09-10T18:24:03.951554 #13043] DEBUG -- :   [1m[35m (49.9ms)[0m  [1m[35mALTER TABLE `users` ADD `birthday` date[0m
D, [2019-09-10T18:24:03.952259 #13043] DEBUG -- :   [1m[35m (0.2ms)[0m  [1m[35mBEGIN[0m
D, [2019-09-10T18:24:03.954243 #13043] DEBUG -- :   [1m[36mActiveRecord::SchemaMigration Create (0.4ms)[0m  [1m[32mINSERT INTO `schema_migrations` (`version`) VALUES ('20190722053907')[0m
D, [2019-09-10T18:24:03.955340 #13043] DEBUG -- :   [1m[35m (0.8ms)[0m  [1m[35mCOMMIT[0m
I, [2019-09-10T18:24:03.955591 #13043]  INFO -- : Migrating to AddTwitterauthToUser (20190810020707)
D, [2019-09-10T18:24:04.003696 #13043] DEBUG -- :   [1m[35m (46.9ms)[0m  [1m[35mALTER TABLE `users` ADD `image` varchar(255)[0m
D, [2019-09-10T18:24:04.086759 #13043] DEBUG -- :   [1m[35m (82.5ms)[0m  [1m[35mALTER TABLE `users` ADD `provider` varchar(255)[0m
D, [2019-09-10T18:24:04.116451 #13043] DEBUG -- :   [1m[35m (28.2ms)[0m  [1m[35mALTER TABLE `users` ADD `uid` varchar(255)[0m
D, [2019-09-10T18:24:04.117437 #13043] DEBUG -- :   [1m[35m (0.3ms)[0m  [1m[35mBEGIN[0m
D, [2019-09-10T18:24:04.119148 #13043] DEBUG -- :   [1m[36mActiveRecord::SchemaMigration Create (1.1ms)[0m  [1m[32mINSERT INTO `schema_migrations` (`version`) VALUES ('20190810020707')[0m
D, [2019-09-10T18:24:04.120355 #13043] DEBUG -- :   [1m[35m (1.0ms)[0m  [1m[35mCOMMIT[0m
I, [2019-09-10T18:24:04.120480 #13043]  INFO -- : Migrating to AddLatitudeLongitudeToRestaurants (20190815043101)
D, [2019-09-10T18:24:04.141875 #13043] DEBUG -- :   [1m[35m (19.9ms)[0m  [1m[35mALTER TABLE `restaurants` ADD `latitude` float(24)[0m
D, [2019-09-10T18:24:04.187995 #13043] DEBUG -- :   [1m[35m (42.4ms)[0m  [1m[35mALTER TABLE `restaurants` ADD `longitude` float(24)[0m
D, [2019-09-10T18:24:04.188686 #13043] DEBUG -- :   [1m[35m (0.2ms)[0m  [1m[35mBEGIN[0m
D, [2019-09-10T18:24:04.189465 #13043] DEBUG -- :   [1m[36mActiveRecord::SchemaMigration Create (0.3ms)[0m  [1m[32mINSERT INTO `schema_migrations` (`version`) VALUES ('20190815043101')[0m
D, [2019-09-10T18:24:04.192057 #13043] DEBUG -- :   [1m[35m (2.1ms)[0m  [1m[35mCOMMIT[0m
I, [2019-09-10T18:24:04.192212 #13043]  INFO -- : Migrating to CreateComments (20190815090737)
D, [2019-09-10T18:24:04.237547 #13043] DEBUG -- :   [1m[35m (35.8ms)[0m  [1m[35mCREATE TABLE `comments` (`id` int NOT NULL AUTO_INCREMENT PRIMARY KEY, `comment` varchar(255), `restaurant_id` int, `user_id` int, `created_at` datetime NOT NULL, `updated_at` datetime NOT NULL,  INDEX `index_comments_on_restaurant_id`  (`restaurant_id`),  INDEX `index_comments_on_user_id`  (`user_id`), CONSTRAINT `fk_rails_1b0c29f17e`
FOREIGN KEY (`restaurant_id`)
  REFERENCES `restaurants` (`id`)
, CONSTRAINT `fk_rails_03de2dc08c`
FOREIGN KEY (`user_id`)
  REFERENCES `users` (`id`)
) ENGINE=InnoDB[0m
D, [2019-09-10T18:24:04.238125 #13043] DEBUG -- :   [1m[35m (0.1ms)[0m  [1m[35mBEGIN[0m
D, [2019-09-10T18:24:04.239850 #13043] DEBUG -- :   [1m[36mActiveRecord::SchemaMigration Create (0.3ms)[0m  [1m[32mINSERT INTO `schema_migrations` (`version`) VALUES ('20190815090737')[0m
D, [2019-09-10T18:24:04.242017 #13043] DEBUG -- :   [1m[35m (2.0ms)[0m  [1m[35mCOMMIT[0m
D, [2019-09-10T18:24:04.254067 #13043] DEBUG -- :   [1m[36mActiveRecord::InternalMetadata Load (2.1ms)[0m  [1m[34mSELECT  `ar_internal_metadata`.* FROM `ar_internal_metadata` WHERE `ar_internal_metadata`.`key` = 'environment' LIMIT 1[0m
D, [2019-09-10T18:24:04.270124 #13043] DEBUG -- :   [1m[35m (0.3ms)[0m  [1m[35mBEGIN[0m
D, [2019-09-10T18:24:04.283004 #13043] DEBUG -- :   [1m[36mActiveRecord::InternalMetadata Create (2.9ms)[0m  [1m[32mINSERT INTO `ar_internal_metadata` (`key`, `value`, `created_at`, `updated_at`) VALUES ('environment', 'production', '2019-09-10 09:24:04', '2019-09-10 09:24:04')[0m
D, [2019-09-10T18:24:04.285244 #13043] DEBUG -- :   [1m[35m (1.6ms)[0m  [1m[35mCOMMIT[0m
D, [2019-09-10T18:24:04.287002 #13043] DEBUG -- :   [1m[35m (1.5ms)[0m  [1m[34mSELECT RELEASE_LOCK('4615154450383096620')[0m
D, [2019-09-10T19:41:35.691235 #13906] DEBUG -- :   [1m[35m (0.5ms)[0m  [1m[35mSET NAMES utf8,  @@SESSION.sql_mode = CONCAT(CONCAT(@@sql_mode, ',STRICT_ALL_TABLES'), ',NO_AUTO_VALUE_ON_ZERO'),  @@SESSION.sql_auto_is_null = 0, @@SESSION.wait_timeout = 2147483[0m
D, [2019-09-10T20:17:40.919081 #14159] DEBUG -- :   [1m[35m (11.0ms)[0m  [1m[35mSET NAMES utf8,  @@SESSION.sql_mode = CONCAT(CONCAT(@@sql_mode, ',STRICT_ALL_TABLES'), ',NO_AUTO_VALUE_ON_ZERO'),  @@SESSION.sql_auto_is_null = 0, @@SESSION.wait_timeout = 2147483[0m
D, [2019-09-10T20:53:04.688916 #14609] DEBUG -- :   [1m[35m (23.9ms)[0m  [1m[35mSET NAMES utf8,  @@SESSION.sql_mode = CONCAT(CONCAT(@@sql_mode, ',STRICT_ALL_TABLES'), ',NO_AUTO_VALUE_ON_ZERO'),  @@SESSION.sql_auto_is_null = 0, @@SESSION.wait_timeout = 2147483[0m
D, [2019-09-10T21:02:30.395301 #14874] DEBUG -- :   [1m[35m (4.2ms)[0m  [1m[35mSET NAMES utf8,  @@SESSION.sql_mode = CONCAT(CONCAT(@@sql_mode, ',STRICT_ALL_TABLES'), ',NO_AUTO_VALUE_ON_ZERO'),  @@SESSION.sql_auto_is_null = 0, @@SESSION.wait_timeout = 2147483[0m
D, [2019-09-10T21:08:19.890484 #15215] DEBUG -- :   [1m[35m (5.9ms)[0m  [1m[35mSET NAMES utf8,  @@SESSION.sql_mode = CONCAT(CONCAT(@@sql_mode, ',STRICT_ALL_TABLES'), ',NO_AUTO_VALUE_ON_ZERO'),  @@SESSION.sql_auto_is_null = 0, @@SESSION.wait_timeout = 2147483[0m
D, [2019-09-11T13:16:09.800783 #15718] DEBUG -- :   [1m[35m (24.5ms)[0m  [1m[35mSET NAMES utf8,  @@SESSION.sql_mode = CONCAT(CONCAT(@@sql_mode, ',STRICT_ALL_TABLES'), ',NO_AUTO_VALUE_ON_ZERO'),  @@SESSION.sql_auto_is_null = 0, @@SESSION.wait_timeout = 2147483[0m
I, [2019-09-11T13:16:30.954523 #15726]  INFO -- : [f966d50c-9ea8-4b82-8a32-2977f725cceb] Started GET "/" for 127.0.0.1 at 2019-09-11 13:16:30 +0900
I, [2019-09-11T13:16:30.986584 #15726]  INFO -- : [f966d50c-9ea8-4b82-8a32-2977f725cceb] Processing by ToppagesController#index as HTML
I, [2019-09-11T13:16:31.004603 #15726]  INFO -- : [f966d50c-9ea8-4b82-8a32-2977f725cceb]   Rendering toppages/index.html.erb within layouts/application
D, [2019-09-11T13:16:31.027204 #15726] DEBUG -- : [f966d50c-9ea8-4b82-8a32-2977f725cceb]   [1m[35m (4.8ms)[0m  [1m[35mSET NAMES utf8,  @@SESSION.sql_mode = CONCAT(CONCAT(@@sql_mode, ',STRICT_ALL_TABLES'), ',NO_AUTO_VALUE_ON_ZERO'),  @@SESSION.sql_auto_is_null = 0, @@SESSION.wait_timeout = 2147483[0m
D, [2019-09-11T13:16:31.403981 #15726] DEBUG -- : [f966d50c-9ea8-4b82-8a32-2977f725cceb]   [1m[36mUser Load (70.1ms)[0m  [1m[34mSELECT  `users`.* FROM `users` WHERE `users`.`id` IS NULL LIMIT 1[0m
D, [2019-09-11T13:16:31.427650 #15726] DEBUG -- : [f966d50c-9ea8-4b82-8a32-2977f725cceb]   [1m[36mRestaurant Load (16.9ms)[0m  [1m[34mSELECT  `restaurants`.* FROM `restaurants` LIMIT 10 OFFSET 0[0m
I, [2019-09-11T13:16:31.434218 #15726]  INFO -- : [f966d50c-9ea8-4b82-8a32-2977f725cceb]   Rendered restaurants/_restaurants.html.erb (25.0ms)
I, [2019-09-11T13:16:31.440050 #15726]  INFO -- : [f966d50c-9ea8-4b82-8a32-2977f725cceb]   Rendered toppages/index.html.erb within layouts/application (434.6ms)
D, [2019-09-11T13:16:31.447840 #15726] DEBUG -- : [f966d50c-9ea8-4b82-8a32-2977f725cceb]   [1m[36mCACHE User Load (0.0ms)[0m  [1m[34mSELECT  `users`.* FROM `users` WHERE `users`.`id` IS NULL LIMIT 1[0m
I, [2019-09-11T13:16:31.448616 #15726]  INFO -- : [f966d50c-9ea8-4b82-8a32-2977f725cceb]   Rendered layouts/_navbar.html.erb (3.0ms)
I, [2019-09-11T13:16:31.452154 #15726]  INFO -- : [f966d50c-9ea8-4b82-8a32-2977f725cceb]   Rendered layouts/_flash_messages.html.erb (1.1ms)
I, [2019-09-11T13:16:31.455252 #15726]  INFO -- : [f966d50c-9ea8-4b82-8a32-2977f725cceb]   Rendered layouts/_footer.html.erb (0.6ms)
I, [2019-09-11T13:16:31.456269 #15726]  INFO -- : [f966d50c-9ea8-4b82-8a32-2977f725cceb] Completed 200 OK in 469ms (Views: 461.4ms | ActiveRecord: 391.3ms)
I, [2019-09-11T13:16:32.040761 #15726]  INFO -- : [9ad711f4-0c27-40e0-af33-1abc2ff37880] Started GET "/assets/application-3f73e4e99502cde4f22fa7aa3c9ae136908f7f8ebf4c6787a814e0fe85a28497.js" for 127.0.0.1 at 2019-09-11 13:16:32 +0900
I, [2019-09-11T13:16:32.074034 #15727]  INFO -- : [634c7411-3664-460e-9454-e5b923c3fdd1] Started GET "/assets/application-243d56c512f921da208f08e40d69f3f5be1a88cd3b6afa49ce2704b5af37fc71.css" for 127.0.0.1 at 2019-09-11 13:16:32 +0900
I, [2019-09-11T13:16:32.984005 #15727]  INFO -- : [e54bc6b7-2119-4c51-bfc4-c165b119edc8] Started GET "/assets/gnavi_top" for 127.0.0.1 at 2019-09-11 13:16:32 +0900
D, [2019-09-11T13:18:00.417147 #15795] DEBUG -- :   [1m[35m (2.4ms)[0m  [1m[35mSET NAMES utf8,  @@SESSION.sql_mode = CONCAT(CONCAT(@@sql_mode, ',STRICT_ALL_TABLES'), ',NO_AUTO_VALUE_ON_ZERO'),  @@SESSION.sql_auto_is_null = 0, @@SESSION.wait_timeout = 2147483[0m
I, [2019-09-11T13:18:18.350407 #15803]  INFO -- : [22af2be1-0315-482b-b978-8c5c1f361448] Started GET "/" for 127.0.0.1 at 2019-09-11 13:18:18 +0900
I, [2019-09-11T13:18:18.371108 #15803]  INFO -- : [22af2be1-0315-482b-b978-8c5c1f361448] Processing by ToppagesController#index as HTML
I, [2019-09-11T13:18:18.382524 #15803]  INFO -- : [22af2be1-0315-482b-b978-8c5c1f361448]   Rendering toppages/index.html.erb within layouts/application
D, [2019-09-11T13:18:18.394747 #15803] DEBUG -- : [22af2be1-0315-482b-b978-8c5c1f361448]   [1m[35m (4.3ms)[0m  [1m[35mSET NAMES utf8,  @@SESSION.sql_mode = CONCAT(CONCAT(@@sql_mode, ',STRICT_ALL_TABLES'), ',NO_AUTO_VALUE_ON_ZERO'),  @@SESSION.sql_auto_is_null = 0, @@SESSION.wait_timeout = 2147483[0m
D, [2019-09-11T13:18:18.443400 #15803] DEBUG -- : [22af2be1-0315-482b-b978-8c5c1f361448]   [1m[36mUser Load (4.3ms)[0m  [1m[34mSELECT  `users`.* FROM `users` WHERE `users`.`id` IS NULL LIMIT 1[0m
D, [2019-09-11T13:18:18.449788 #15803] DEBUG -- : [22af2be1-0315-482b-b978-8c5c1f361448]   [1m[36mRestaurant Load (2.0ms)[0m  [1m[34mSELECT  `restaurants`.* FROM `restaurants` LIMIT 10 OFFSET 0[0m
I, [2019-09-11T13:18:18.456584 #15803]  INFO -- : [22af2be1-0315-482b-b978-8c5c1f361448]   Rendered restaurants/_restaurants.html.erb (9.7ms)
I, [2019-09-11T13:18:18.461891 #15803]  INFO -- : [22af2be1-0315-482b-b978-8c5c1f361448]   Rendered toppages/index.html.erb within layouts/application (78.9ms)
D, [2019-09-11T13:18:18.467758 #15803] DEBUG -- : [22af2be1-0315-482b-b978-8c5c1f361448]   [1m[36mCACHE User Load (0.0ms)[0m  [1m[34mSELECT  `users`.* FROM `users` WHERE `users`.`id` IS NULL LIMIT 1[0m
I, [2019-09-11T13:18:18.468302 #15803]  INFO -- : [22af2be1-0315-482b-b978-8c5c1f361448]   Rendered layouts/_navbar.html.erb (1.9ms)
I, [2019-09-11T13:18:18.471536 #15803]  INFO -- : [22af2be1-0315-482b-b978-8c5c1f361448]   Rendered layouts/_flash_messages.html.erb (0.8ms)
I, [2019-09-11T13:18:18.474562 #15803]  INFO -- : [22af2be1-0315-482b-b978-8c5c1f361448]   Rendered layouts/_footer.html.erb (0.6ms)
I, [2019-09-11T13:18:18.475261 #15803]  INFO -- : [22af2be1-0315-482b-b978-8c5c1f361448] Completed 200 OK in 104ms (Views: 96.6ms | ActiveRecord: 52.4ms)
I, [2019-09-11T13:18:18.607064 #15803]  INFO -- : [0bfe536c-4de0-4861-a87f-fc5f740a087e] Started GET "/assets/application-243d56c512f921da208f08e40d69f3f5be1a88cd3b6afa49ce2704b5af37fc71.css" for 127.0.0.1 at 2019-09-11 13:18:18 +0900
I, [2019-09-11T13:18:18.649904 #15804]  INFO -- : [251b3179-fb66-4f29-8f28-3a4062726823] Started GET "/assets/application-3f73e4e99502cde4f22fa7aa3c9ae136908f7f8ebf4c6787a814e0fe85a28497.js" for 127.0.0.1 at 2019-09-11 13:18:18 +0900
I, [2019-09-11T13:18:21.538581 #15804]  INFO -- : [6f96d16b-096e-4e97-91b3-43d8c3b1acf7] Started GET "/assets/gnavi_top" for 127.0.0.1 at 2019-09-11 13:18:21 +0900
I, [2019-09-11T13:18:21.630485 #15804]  INFO -- : [c6587c05-24d8-4b52-90a8-3db91b430704] Started GET "/favicon.ico" for 127.0.0.1 at 2019-09-11 13:18:21 +0900
F, [2019-09-11T13:18:21.633196 #15804] FATAL -- : [c6587c05-24d8-4b52-90a8-3db91b430704]   
F, [2019-09-11T13:18:21.633551 #15804] FATAL -- : [c6587c05-24d8-4b52-90a8-3db91b430704] ActionController::RoutingError (No route matches [GET] "/favicon.ico"):
F, [2019-09-11T13:18:21.635778 #15804] FATAL -- : [c6587c05-24d8-4b52-90a8-3db91b430704]   
F, [2019-09-11T13:18:21.636150 #15804] FATAL -- : [c6587c05-24d8-4b52-90a8-3db91b430704] actionpack (5.2.3) lib/action_dispatch/middleware/debug_exceptions.rb:65:in `call'
[c6587c05-24d8-4b52-90a8-3db91b430704] actionpack (5.2.3) lib/action_dispatch/middleware/show_exceptions.rb:33:in `call'
[c6587c05-24d8-4b52-90a8-3db91b430704] railties (5.2.3) lib/rails/rack/logger.rb:38:in `call_app'
[c6587c05-24d8-4b52-90a8-3db91b430704] railties (5.2.3) lib/rails/rack/logger.rb:26:in `block in call'
[c6587c05-24d8-4b52-90a8-3db91b430704] activesupport (5.2.3) lib/active_support/tagged_logging.rb:71:in `block in tagged'
[c6587c05-24d8-4b52-90a8-3db91b430704] activesupport (5.2.3) lib/active_support/tagged_logging.rb:28:in `tagged'
[c6587c05-24d8-4b52-90a8-3db91b430704] activesupport (5.2.3) lib/active_support/tagged_logging.rb:71:in `tagged'
[c6587c05-24d8-4b52-90a8-3db91b430704] railties (5.2.3) lib/rails/rack/logger.rb:26:in `call'
[c6587c05-24d8-4b52-90a8-3db91b430704] actionpack (5.2.3) lib/action_dispatch/middleware/remote_ip.rb:81:in `call'
[c6587c05-24d8-4b52-90a8-3db91b430704] actionpack (5.2.3) lib/action_dispatch/middleware/request_id.rb:27:in `call'
[c6587c05-24d8-4b52-90a8-3db91b430704] rack (2.0.7) lib/rack/method_override.rb:22:in `call'
[c6587c05-24d8-4b52-90a8-3db91b430704] rack (2.0.7) lib/rack/runtime.rb:22:in `call'
[c6587c05-24d8-4b52-90a8-3db91b430704] activesupport (5.2.3) lib/active_support/cache/strategy/local_cache_middleware.rb:29:in `call'
[c6587c05-24d8-4b52-90a8-3db91b430704] actionpack (5.2.3) lib/action_dispatch/middleware/executor.rb:14:in `call'
[c6587c05-24d8-4b52-90a8-3db91b430704] rack (2.0.7) lib/rack/sendfile.rb:111:in `call'
[c6587c05-24d8-4b52-90a8-3db91b430704] railties (5.2.3) lib/rails/engine.rb:524:in `call'
[c6587c05-24d8-4b52-90a8-3db91b430704] unicorn (5.5.1) lib/unicorn/http_server.rb:605:in `process_client'
[c6587c05-24d8-4b52-90a8-3db91b430704] unicorn (5.5.1) lib/unicorn/http_server.rb:700:in `worker_loop'
[c6587c05-24d8-4b52-90a8-3db91b430704] unicorn (5.5.1) lib/unicorn/http_server.rb:548:in `spawn_missing_workers'
[c6587c05-24d8-4b52-90a8-3db91b430704] unicorn (5.5.1) lib/unicorn/http_server.rb:144:in `start'
[c6587c05-24d8-4b52-90a8-3db91b430704] unicorn (5.5.1) bin/unicorn:128:in `<top (required)>'
[c6587c05-24d8-4b52-90a8-3db91b430704] /Users/noguchidaisuke/.rbenv/versions/2.6.3/bin/unicorn:23:in `load'
[c6587c05-24d8-4b52-90a8-3db91b430704] /Users/noguchidaisuke/.rbenv/versions/2.6.3/bin/unicorn:23:in `<top (required)>'
[c6587c05-24d8-4b52-90a8-3db91b430704] /Users/noguchidaisuke/.rbenv/versions/2.6.3/lib/ruby/2.6.0/bundler/cli/exec.rb:74:in `load'
[c6587c05-24d8-4b52-90a8-3db91b430704] /Users/noguchidaisuke/.rbenv/versions/2.6.3/lib/ruby/2.6.0/bundler/cli/exec.rb:74:in `kernel_load'
[c6587c05-24d8-4b52-90a8-3db91b430704] /Users/noguchidaisuke/.rbenv/versions/2.6.3/lib/ruby/2.6.0/bundler/cli/exec.rb:28:in `run'
[c6587c05-24d8-4b52-90a8-3db91b430704] /Users/noguchidaisuke/.rbenv/versions/2.6.3/lib/ruby/2.6.0/bundler/cli.rb:463:in `exec'
[c6587c05-24d8-4b52-90a8-3db91b430704] /Users/noguchidaisuke/.rbenv/versions/2.6.3/lib/ruby/2.6.0/bundler/vendor/thor/lib/thor/command.rb:27:in `run'
[c6587c05-24d8-4b52-90a8-3db91b430704] /Users/noguchidaisuke/.rbenv/versions/2.6.3/lib/ruby/2.6.0/bundler/vendor/thor/lib/thor/invocation.rb:126:in `invoke_command'
[c6587c05-24d8-4b52-90a8-3db91b430704] /Users/noguchidaisuke/.rbenv/versions/2.6.3/lib/ruby/2.6.0/bundler/vendor/thor/lib/thor.rb:387:in `dispatch'
[c6587c05-24d8-4b52-90a8-3db91b430704] /Users/noguchidaisuke/.rbenv/versions/2.6.3/lib/ruby/2.6.0/bundler/cli.rb:27:in `dispatch'
[c6587c05-24d8-4b52-90a8-3db91b430704] /Users/noguchidaisuke/.rbenv/versions/2.6.3/lib/ruby/2.6.0/bundler/vendor/thor/lib/thor/base.rb:466:in `start'
[c6587c05-24d8-4b52-90a8-3db91b430704] /Users/noguchidaisuke/.rbenv/versions/2.6.3/lib/ruby/2.6.0/bundler/cli.rb:18:in `start'
[c6587c05-24d8-4b52-90a8-3db91b430704] bundler (1.17.2) exe/bundle:30:in `block in <top (required)>'
[c6587c05-24d8-4b52-90a8-3db91b430704] /Users/noguchidaisuke/.rbenv/versions/2.6.3/lib/ruby/2.6.0/bundler/friendly_errors.rb:124:in `with_friendly_errors'
[c6587c05-24d8-4b52-90a8-3db91b430704] bundler (1.17.2) exe/bundle:22:in `<top (required)>'
[c6587c05-24d8-4b52-90a8-3db91b430704] /Users/noguchidaisuke/.rbenv/versions/2.6.3/bin/bundle:23:in `load'
[c6587c05-24d8-4b52-90a8-3db91b430704] /Users/noguchidaisuke/.rbenv/versions/2.6.3/bin/bundle:23:in `<main>'
I, [2019-09-12T13:32:06.078874 #15803]  INFO -- : [3dbede23-6f3c-4048-b23c-f8aec96cdd68] Started GET "/" for 127.0.0.1 at 2019-09-12 13:32:06 +0900
I, [2019-09-12T13:32:07.281534 #15803]  INFO -- : [3dbede23-6f3c-4048-b23c-f8aec96cdd68] Processing by ToppagesController#index as HTML
I, [2019-09-12T13:32:07.456166 #15803]  INFO -- : [3dbede23-6f3c-4048-b23c-f8aec96cdd68]   Rendering toppages/index.html.erb within layouts/application
D, [2019-09-12T13:32:07.764482 #15803] DEBUG -- : [3dbede23-6f3c-4048-b23c-f8aec96cdd68]   [1m[35m (42.3ms)[0m  [1m[35mSET NAMES utf8,  @@SESSION.sql_mode = CONCAT(CONCAT(@@sql_mode, ',STRICT_ALL_TABLES'), ',NO_AUTO_VALUE_ON_ZERO'),  @@SESSION.sql_auto_is_null = 0, @@SESSION.wait_timeout = 2147483[0m
D, [2019-09-12T13:32:07.851826 #15803] DEBUG -- : [3dbede23-6f3c-4048-b23c-f8aec96cdd68]   [1m[36mUser Load (58.6ms)[0m  [1m[34mSELECT  `users`.* FROM `users` WHERE `users`.`id` IS NULL LIMIT 1[0m
D, [2019-09-12T13:32:07.899398 #15803] DEBUG -- : [3dbede23-6f3c-4048-b23c-f8aec96cdd68]   [1m[36mRestaurant Load (24.6ms)[0m  [1m[34mSELECT  `restaurants`.* FROM `restaurants` LIMIT 10 OFFSET 0[0m
I, [2019-09-12T13:32:07.899985 #15803]  INFO -- : [3dbede23-6f3c-4048-b23c-f8aec96cdd68]   Rendered restaurants/_restaurants.html.erb (25.7ms)
I, [2019-09-12T13:32:07.911707 #15803]  INFO -- : [3dbede23-6f3c-4048-b23c-f8aec96cdd68]   Rendered toppages/index.html.erb within layouts/application (455.0ms)
D, [2019-09-12T13:32:07.937226 #15803] DEBUG -- : [3dbede23-6f3c-4048-b23c-f8aec96cdd68]   [1m[36mCACHE User Load (0.0ms)[0m  [1m[34mSELECT  `users`.* FROM `users` WHERE `users`.`id` IS NULL LIMIT 1[0m
I, [2019-09-12T13:32:07.937765 #15803]  INFO -- : [3dbede23-6f3c-4048-b23c-f8aec96cdd68]   Rendered layouts/_navbar.html.erb (1.0ms)
I, [2019-09-12T13:32:07.940336 #15803]  INFO -- : [3dbede23-6f3c-4048-b23c-f8aec96cdd68]   Rendered layouts/_flash_messages.html.erb (0.2ms)
I, [2019-09-12T13:32:07.940781 #15803]  INFO -- : [3dbede23-6f3c-4048-b23c-f8aec96cdd68]   Rendered layouts/_footer.html.erb (0.0ms)
I, [2019-09-12T13:32:07.947530 #15803]  INFO -- : [3dbede23-6f3c-4048-b23c-f8aec96cdd68] Completed 200 OK in 660ms (Views: 548.0ms | ActiveRecord: 125.5ms)
I, [2019-09-12T13:32:08.311472 #15803]  INFO -- : [2bf764e4-7be1-4ba1-ae23-c68729086432] Started GET "/assets/application-3f73e4e99502cde4f22fa7aa3c9ae136908f7f8ebf4c6787a814e0fe85a28497.js" for 127.0.0.1 at 2019-09-12 13:32:08 +0900
I, [2019-09-12T13:32:19.132547 #15803]  INFO -- : [b5267306-365b-4452-9207-7a032bfe0151] Started GET "/assets/gnavi_top" for 127.0.0.1 at 2019-09-12 13:32:19 +0900
I, [2019-09-12T13:36:32.988039 #15803]  INFO -- : [af529584-4927-418a-8f88-5befe10bdbfe] Started GET "/" for 127.0.0.1 at 2019-09-12 13:36:32 +0900
I, [2019-09-12T13:36:32.994861 #15803]  INFO -- : [af529584-4927-418a-8f88-5befe10bdbfe] Processing by ToppagesController#index as HTML
I, [2019-09-12T13:36:33.022183 #15803]  INFO -- : [af529584-4927-418a-8f88-5befe10bdbfe]   Rendering toppages/index.html.erb within layouts/application
D, [2019-09-12T13:36:33.040319 #15803] DEBUG -- : [af529584-4927-418a-8f88-5befe10bdbfe]   [1m[36mUser Load (4.4ms)[0m  [1m[34mSELECT  `users`.* FROM `users` WHERE `users`.`id` IS NULL LIMIT 1[0m
D, [2019-09-12T13:36:33.051267 #15803] DEBUG -- : [af529584-4927-418a-8f88-5befe10bdbfe]   [1m[36mRestaurant Load (2.2ms)[0m  [1m[34mSELECT  `restaurants`.* FROM `restaurants` LIMIT 10 OFFSET 0[0m
I, [2019-09-12T13:36:33.051703 #15803]  INFO -- : [af529584-4927-418a-8f88-5befe10bdbfe]   Rendered restaurants/_restaurants.html.erb (3.5ms)
I, [2019-09-12T13:36:33.056478 #15803]  INFO -- : [af529584-4927-418a-8f88-5befe10bdbfe]   Rendered toppages/index.html.erb within layouts/application (33.7ms)
D, [2019-09-12T13:36:33.062576 #15803] DEBUG -- : [af529584-4927-418a-8f88-5befe10bdbfe]   [1m[36mCACHE User Load (0.0ms)[0m  [1m[34mSELECT  `users`.* FROM `users` WHERE `users`.`id` IS NULL LIMIT 1[0m
I, [2019-09-12T13:36:33.063181 #15803]  INFO -- : [af529584-4927-418a-8f88-5befe10bdbfe]   Rendered layouts/_navbar.html.erb (3.0ms)
I, [2019-09-12T13:36:33.065548 #15803]  INFO -- : [af529584-4927-418a-8f88-5befe10bdbfe]   Rendered layouts/_flash_messages.html.erb (2.0ms)
I, [2019-09-12T13:36:33.066198 #15803]  INFO -- : [af529584-4927-418a-8f88-5befe10bdbfe]   Rendered layouts/_footer.html.erb (0.1ms)
I, [2019-09-12T13:36:33.066762 #15803]  INFO -- : [af529584-4927-418a-8f88-5befe10bdbfe] Completed 200 OK in 52ms (Views: 41.9ms | ActiveRecord: 6.6ms)
I, [2019-09-12T13:36:33.525425 #15803]  INFO -- : [3c752058-d23f-42d8-a42b-6903cbfc2f47] Started GET "/assets/gnavi_top" for 127.0.0.1 at 2019-09-12 13:36:33 +0900
I, [2019-09-12T13:36:52.514604 #15803]  INFO -- : [1126b41e-8938-42b2-b0a8-c258508b3a9b] Started GET "/" for 127.0.0.1 at 2019-09-12 13:36:52 +0900
I, [2019-09-12T13:36:52.530894 #15803]  INFO -- : [1126b41e-8938-42b2-b0a8-c258508b3a9b] Processing by ToppagesController#index as HTML
I, [2019-09-12T13:36:52.534582 #15803]  INFO -- : [1126b41e-8938-42b2-b0a8-c258508b3a9b]   Rendering toppages/index.html.erb within layouts/application
D, [2019-09-12T13:36:52.540995 #15803] DEBUG -- : [1126b41e-8938-42b2-b0a8-c258508b3a9b]   [1m[36mUser Load (3.5ms)[0m  [1m[34mSELECT  `users`.* FROM `users` WHERE `users`.`id` IS NULL LIMIT 1[0m
D, [2019-09-12T13:36:52.542507 #15803] DEBUG -- : [1126b41e-8938-42b2-b0a8-c258508b3a9b]   [1m[36mRestaurant Load (0.5ms)[0m  [1m[34mSELECT  `restaurants`.* FROM `restaurants` LIMIT 10 OFFSET 0[0m
I, [2019-09-12T13:36:52.542807 #15803]  INFO -- : [1126b41e-8938-42b2-b0a8-c258508b3a9b]   Rendered restaurants/_restaurants.html.erb (1.1ms)
I, [2019-09-12T13:36:52.544880 #15803]  INFO -- : [1126b41e-8938-42b2-b0a8-c258508b3a9b]   Rendered toppages/index.html.erb within layouts/application (9.9ms)
D, [2019-09-12T13:36:52.549771 #15803] DEBUG -- : [1126b41e-8938-42b2-b0a8-c258508b3a9b]   [1m[36mCACHE User Load (0.0ms)[0m  [1m[34mSELECT  `users`.* FROM `users` WHERE `users`.`id` IS NULL LIMIT 1[0m
I, [2019-09-12T13:36:52.550162 #15803]  INFO -- : [1126b41e-8938-42b2-b0a8-c258508b3a9b]   Rendered layouts/_navbar.html.erb (2.7ms)
I, [2019-09-12T13:36:52.552039 #15803]  INFO -- : [1126b41e-8938-42b2-b0a8-c258508b3a9b]   Rendered layouts/_flash_messages.html.erb (0.1ms)
I, [2019-09-12T13:36:52.552399 #15803]  INFO -- : [1126b41e-8938-42b2-b0a8-c258508b3a9b]   Rendered layouts/_footer.html.erb (0.0ms)
I, [2019-09-12T13:36:52.552734 #15803]  INFO -- : [1126b41e-8938-42b2-b0a8-c258508b3a9b] Completed 200 OK in 21ms (Views: 14.4ms | ActiveRecord: 4.0ms)
I, [2019-09-12T13:36:52.876661 #15803]  INFO -- : [6e784bed-e5bb-47c5-a6d1-e1bfde7c2011] Started GET "/assets/gnavi_top" for 127.0.0.1 at 2019-09-12 13:36:52 +0900
D, [2019-09-12T13:37:48.817084 #18041] DEBUG -- :   [1m[35m (16.4ms)[0m  [1m[35mSET NAMES utf8,  @@SESSION.sql_mode = CONCAT(CONCAT(@@sql_mode, ',STRICT_ALL_TABLES'), ',NO_AUTO_VALUE_ON_ZERO'),  @@SESSION.sql_auto_is_null = 0, @@SESSION.wait_timeout = 2147483[0m
I, [2019-09-12T13:37:51.838737 #18050]  INFO -- : [32ad3e75-0181-406c-993c-3771682e7bec] Started GET "/" for 127.0.0.1 at 2019-09-12 13:37:51 +0900
I, [2019-09-12T13:37:51.858198 #18050]  INFO -- : [32ad3e75-0181-406c-993c-3771682e7bec] Processing by ToppagesController#index as HTML
I, [2019-09-12T13:37:51.872028 #18050]  INFO -- : [32ad3e75-0181-406c-993c-3771682e7bec]   Rendering toppages/index.html.erb within layouts/application
D, [2019-09-12T13:37:51.886258 #18050] DEBUG -- : [32ad3e75-0181-406c-993c-3771682e7bec]   [1m[35m (3.6ms)[0m  [1m[35mSET NAMES utf8,  @@SESSION.sql_mode = CONCAT(CONCAT(@@sql_mode, ',STRICT_ALL_TABLES'), ',NO_AUTO_VALUE_ON_ZERO'),  @@SESSION.sql_auto_is_null = 0, @@SESSION.wait_timeout = 2147483[0m
D, [2019-09-12T13:37:52.153178 #18050] DEBUG -- : [32ad3e75-0181-406c-993c-3771682e7bec]   [1m[36mUser Load (4.8ms)[0m  [1m[34mSELECT  `users`.* FROM `users` WHERE `users`.`id` IS NULL LIMIT 1[0m
D, [2019-09-12T13:37:52.254462 #18050] DEBUG -- : [32ad3e75-0181-406c-993c-3771682e7bec]   [1m[36mRestaurant Load (9.5ms)[0m  [1m[34mSELECT  `restaurants`.* FROM `restaurants` LIMIT 10 OFFSET 0[0m
I, [2019-09-12T13:37:52.286083 #18050]  INFO -- : [32ad3e75-0181-406c-993c-3771682e7bec]   Rendered restaurants/_restaurants.html.erb (129.2ms)
I, [2019-09-12T13:37:52.290678 #18050]  INFO -- : [32ad3e75-0181-406c-993c-3771682e7bec]   Rendered toppages/index.html.erb within layouts/application (418.3ms)
D, [2019-09-12T13:37:52.298907 #18050] DEBUG -- : [32ad3e75-0181-406c-993c-3771682e7bec]   [1m[36mCACHE User Load (0.0ms)[0m  [1m[34mSELECT  `users`.* FROM `users` WHERE `users`.`id` IS NULL LIMIT 1[0m
I, [2019-09-12T13:37:52.299780 #18050]  INFO -- : [32ad3e75-0181-406c-993c-3771682e7bec]   Rendered layouts/_navbar.html.erb (2.3ms)
I, [2019-09-12T13:37:52.302445 #18050]  INFO -- : [32ad3e75-0181-406c-993c-3771682e7bec]   Rendered layouts/_flash_messages.html.erb (0.7ms)
I, [2019-09-12T13:37:52.304665 #18050]  INFO -- : [32ad3e75-0181-406c-993c-3771682e7bec]   Rendered layouts/_footer.html.erb (0.3ms)
I, [2019-09-12T13:37:52.305157 #18050]  INFO -- : [32ad3e75-0181-406c-993c-3771682e7bec] Completed 200 OK in 447ms (Views: 438.2ms | ActiveRecord: 299.1ms)
I, [2019-09-12T13:37:55.031300 #18050]  INFO -- : [824a3006-baa0-4722-a922-0fabed3f5a25] Started GET "/assets/gnavi_top" for 127.0.0.1 at 2019-09-12 13:37:55 +0900
