I, [2019-09-08T14:43:26.882518 #5757]  INFO -- : Refreshing Gem list
F, [2019-09-08T14:43:34.302680 #5757] FATAL -- : error adding listener addr=/Users/noguchidaisuke/gnavi/tmp/sockets/unicorn.sock
bundler: failed to load command: unicorn_rails (/Users/noguchidaisuke/.rbenv/versions/2.6.3/bin/unicorn_rails)
ArgumentError: socket=/Users/noguchidaisuke/gnavi/tmp/sockets/unicorn.sock specified but it is not a socket!
  /Users/noguchidaisuke/.rbenv/versions/2.6.3/lib/ruby/gems/2.6.0/gems/unicorn-5.5.1/lib/unicorn/socket_helper.rb:132:in `bind_listen'
  /Users/noguchidaisuke/.rbenv/versions/2.6.3/lib/ruby/gems/2.6.0/gems/unicorn-5.5.1/lib/unicorn/http_server.rb:243:in `listen'
  /Users/noguchidaisuke/.rbenv/versions/2.6.3/lib/ruby/gems/2.6.0/gems/unicorn-5.5.1/lib/unicorn/http_server.rb:850:in `block in bind_new_listeners!'
  /Users/noguchidaisuke/.rbenv/versions/2.6.3/lib/ruby/gems/2.6.0/gems/unicorn-5.5.1/lib/unicorn/http_server.rb:850:in `each'
  /Users/noguchidaisuke/.rbenv/versions/2.6.3/lib/ruby/gems/2.6.0/gems/unicorn-5.5.1/lib/unicorn/http_server.rb:850:in `bind_new_listeners!'
  /Users/noguchidaisuke/.rbenv/versions/2.6.3/lib/ruby/gems/2.6.0/gems/unicorn-5.5.1/lib/unicorn/http_server.rb:142:in `start'
  /Users/noguchidaisuke/.rbenv/versions/2.6.3/lib/ruby/gems/2.6.0/gems/unicorn-5.5.1/bin/unicorn_rails:209:in `<top (required)>'
  /Users/noguchidaisuke/.rbenv/versions/2.6.3/bin/unicorn_rails:23:in `load'
  /Users/noguchidaisuke/.rbenv/versions/2.6.3/bin/unicorn_rails:23:in `<top (required)>'
I, [2019-09-08T14:46:20.600590 #5828]  INFO -- : Refreshing Gem list
I, [2019-09-08T14:46:27.433597 #5828]  INFO -- : listening on addr=/Users/noguchidaisuke/gnavi/tmp/sockets/unicorn.sock fd=14
I, [2019-09-08T14:46:28.179254 #5828]  INFO -- : master process ready
I, [2019-09-08T14:46:28.182881 #5849]  INFO -- : worker=0 ready
I, [2019-09-08T14:46:28.192601 #5850]  INFO -- : worker=1 ready
I, [2019-09-08T14:51:07.162792 #5916]  INFO -- : Refreshing Gem list
I, [2019-09-08T14:51:13.546199 #5916]  INFO -- : unlinking existing socket=/Users/noguchidaisuke/gnavi/tmp/sockets/unicorn.sock
I, [2019-09-08T14:51:13.547668 #5916]  INFO -- : listening on addr=/Users/noguchidaisuke/gnavi/tmp/sockets/unicorn.sock fd=14
I, [2019-09-08T14:51:14.238448 #5937]  INFO -- : worker=0 ready
I, [2019-09-08T14:51:14.239844 #5916]  INFO -- : master process ready
I, [2019-09-08T14:51:14.246687 #5938]  INFO -- : worker=1 ready
D, [2019-09-08T17:02:36.262207 #5916] DEBUG -- : waiting 16.0s after suspend/hibernation
D, [2019-09-08T17:44:24.093726 #5916] DEBUG -- : waiting 16.0s after suspend/hibernation
I, [2019-09-09T18:17:07.049698 #9759]  INFO -- : Refreshing Gem list
I, [2019-09-09T18:17:14.983587 #9759]  INFO -- : unlinking existing socket=/Users/noguchidaisuke/gnavi/tmp/sockets/unicorn.sock
I, [2019-09-09T18:17:14.984156 #9759]  INFO -- : listening on addr=/Users/noguchidaisuke/gnavi/tmp/sockets/unicorn.sock fd=14
I, [2019-09-09T18:17:15.711853 #9759]  INFO -- : master process ready
I, [2019-09-09T18:17:15.715767 #9780]  INFO -- : worker=0 ready
I, [2019-09-09T18:17:15.718051 #9781]  INFO -- : worker=1 ready
I, [2019-09-09T18:59:59.444218 #10274]  INFO -- : Refreshing Gem list
I, [2019-09-09T19:00:06.857225 #10274]  INFO -- : listening on addr=0.0.0.0:3000 fd=15
I, [2019-09-09T19:00:07.537532 #10274]  INFO -- : master process ready
I, [2019-09-09T19:00:07.543777 #10293]  INFO -- : worker=1 ready
I, [2019-09-09T19:00:07.541188 #10292]  INFO -- : worker=0 ready
D, [2019-09-09T19:11:45.975966 #10274] DEBUG -- : waiting 16.0s after suspend/hibernation
D, [2019-09-09T22:56:56.993511 #10274] DEBUG -- : waiting 16.0s after suspend/hibernation
D, [2019-09-09T23:31:06.241440 #10274] DEBUG -- : waiting 16.0s after suspend/hibernation
D, [2019-09-10T01:40:56.210125 #10274] DEBUG -- : waiting 16.0s after suspend/hibernation
D, [2019-09-10T04:07:12.486621 #10274] DEBUG -- : waiting 16.0s after suspend/hibernation
D, [2019-09-10T06:08:10.050018 #10274] DEBUG -- : waiting 16.0s after suspend/hibernation
D, [2019-09-10T08:09:08.526900 #10274] DEBUG -- : waiting 16.0s after suspend/hibernation
D, [2019-09-10T08:15:26.584543 #10274] DEBUG -- : waiting 16.0s after suspend/hibernation
D, [2019-09-10T10:36:57.805636 #10274] DEBUG -- : waiting 16.0s after suspend/hibernation
E, [2019-09-10T12:01:03.970235 #10274] ERROR -- : worker=0 PID:10292 timeout (31s > 30s), killing
E, [2019-09-10T12:01:04.049274 #10274] ERROR -- : reaped #<Process::Status: pid 10292 SIGKILL (signal 9)> worker=0
I, [2019-09-10T12:01:04.412595 #12403]  INFO -- : worker=0 ready
E, [2019-09-10T12:02:33.220884 #10274] ERROR -- : worker=1 PID:10293 timeout (31s > 30s), killing
E, [2019-09-10T12:02:33.221529 #10274] ERROR -- : worker=0 PID:12403 timeout (31s > 30s), killing
E, [2019-09-10T12:02:33.224201 #10274] ERROR -- : reaped #<Process::Status: pid 12403 SIGKILL (signal 9)> worker=0
E, [2019-09-10T12:02:33.229979 #10274] ERROR -- : worker=1 PID:10293 timeout (31s > 30s), killing
E, [2019-09-10T12:02:34.049293 #10274] ERROR -- : reaped #<Process::Status: pid 10293 SIGKILL (signal 9)> worker=1
I, [2019-09-10T12:02:34.067057 #12427]  INFO -- : worker=0 ready
I, [2019-09-10T12:02:34.069256 #12428]  INFO -- : worker=1 ready
D, [2019-09-10T14:45:24.394792 #10274] DEBUG -- : waiting 16.0s after suspend/hibernation
D, [2019-09-10T15:19:23.338792 #10274] DEBUG -- : waiting 16.0s after suspend/hibernation
D, [2019-09-10T15:52:23.146591 #10274] DEBUG -- : waiting 16.0s after suspend/hibernation
D, [2019-09-10T17:38:25.606676 #10274] DEBUG -- : waiting 16.0s after suspend/hibernation
D, [2019-09-10T18:11:35.389434 #10274] DEBUG -- : waiting 16.0s after suspend/hibernation
D, [2019-09-10T18:57:13.997734 #10274] DEBUG -- : waiting 16.0s after suspend/hibernation
E, [2019-09-10T19:21:33.592937 #10274] ERROR -- : reaped #<Process::Status: pid 12428 SIGKILL (signal 9)> worker=1
I, [2019-09-10T19:21:34.227470 #13348]  INFO -- : worker=1 ready
I, [2019-09-10T19:39:08.578808 #13726]  INFO -- : Refreshing Gem list
I, [2019-09-10T19:39:15.867010 #13726]  INFO -- : unlinking existing socket=/Users/noguchidaisuke/gnavi/tmp/sockets/unicorn.sock
I, [2019-09-10T19:39:15.869543 #13726]  INFO -- : listening on addr=/Users/noguchidaisuke/gnavi/tmp/sockets/unicorn.sock fd=14
I, [2019-09-10T19:39:16.532910 #13726]  INFO -- : master process ready
I, [2019-09-10T19:39:16.538517 #13747]  INFO -- : worker=0 ready
I, [2019-09-10T19:39:16.539411 #13748]  INFO -- : worker=1 ready
127.0.0.1 - - [10/Sep/2019:19:39:27 +0900] "GET / HTTP/1.0" 200 - 2.5459
127.0.0.1 - - [10/Sep/2019:19:39:28 +0900] "GET /application.self-0f6e7ae62b6e132eef3dece1dd0de1d12016f6d488273d7fac75f0c2e8c74426.css?body=1 HTTP/1.0" 200 6313 0.0077
127.0.0.1 - - [10/Sep/2019:19:39:28 +0900] "GET /jquery.self-bd7ddd393353a8d2480a622e80342adf488fb6006d667e8b42e4c0073393abee.js?body=1 HTTP/1.0" 200 293431 0.0229
127.0.0.1 - - [10/Sep/2019:19:39:28 +0900] "GET /turbolinks.self-569ee74eaa15c1e2019317ff770b8769b1ec033a0f572a485f64c82ddc8f989e.js?body=1 HTTP/1.0" 200 38521 0.0133
127.0.0.1 - - [10/Sep/2019:19:39:28 +0900] "GET /action_cable.self-69fddfcddf4fdef9828648f9330d6ce108b93b82b0b8d3affffc59a114853451.js?body=1 HTTP/1.0" 200 20539 0.0129
127.0.0.1 - - [10/Sep/2019:19:39:28 +0900] "GET /cable.self-6e0514260c1aa76eaf252412ce74e63f68819fd19bf740595f592c5ba4c36537.js?body=1 HTTP/1.0" 200 291 0.0182
127.0.0.1 - - [10/Sep/2019:19:39:28 +0900] "GET /application.self-b89234cf2659d7fedea75bca0b8d231ad7dfc2f3f57fcbaf5f44ed9dc384137b.js?body=1 HTTP/1.0" 200 662 0.0179
127.0.0.1 - - [10/Sep/2019:19:39:29 +0900] "GET /jquery_ujs.self-784a997f6726036b1993eb2217c9cb558e1cbb801c6da88105588c56f13b466a.js?body=1 HTTP/1.0" 200 21600 1.3999
127.0.0.1 - - [10/Sep/2019:19:39:31 +0900] "GET /gnavi_top HTTP/1.0" 200 119164 0.0227
127.0.0.1 - - [10/Sep/2019:19:39:31 +0900] "GET /favicon.ico HTTP/1.0" 200 - 0.0019
127.0.0.1 - - [10/Sep/2019:19:39:36 +0900] "GET / HTTP/1.0" 200 - 1.9719
127.0.0.1 - - [10/Sep/2019:19:39:37 +0900] "GET /gnavi_top HTTP/1.0" 304 - 0.0211
I, [2019-09-10T19:40:45.767375 #13830]  INFO -- : Refreshing Gem list
I, [2019-09-10T19:40:53.311956 #13830]  INFO -- : unlinking existing socket=/Users/noguchidaisuke/gnavi/tmp/sockets/unicorn.sock
I, [2019-09-10T19:40:53.312690 #13830]  INFO -- : listening on addr=/Users/noguchidaisuke/gnavi/tmp/sockets/unicorn.sock fd=14
I, [2019-09-10T19:40:53.900445 #13830]  INFO -- : master process ready
I, [2019-09-10T19:40:53.903571 #13851]  INFO -- : worker=0 ready
I, [2019-09-10T19:40:53.906330 #13852]  INFO -- : worker=1 ready
127.0.0.1 - - [10/Sep/2019:19:40:58 +0900] "GET / HTTP/1.0" 200 - 1.7239
127.0.0.1 - - [10/Sep/2019:19:40:59 +0900] "GET /gnavi_top HTTP/1.0" 304 - 0.0054
127.0.0.1 - - [10/Sep/2019:19:41:01 +0900] "GET /favicon.ico HTTP/1.0" 200 - 0.0021
I, [2019-09-10T19:41:31.673535 #13906]  INFO -- : Refreshing Gem list
I, [2019-09-10T19:41:35.683536 #13906]  INFO -- : unlinking existing socket=/Users/noguchidaisuke/gnavi/tmp/sockets/unicorn.sock
I, [2019-09-10T19:41:35.683991 #13906]  INFO -- : listening on addr=/Users/noguchidaisuke/gnavi/tmp/sockets/unicorn.sock fd=13
I, [2019-09-10T19:41:35.696927 #13906]  INFO -- : master process ready
I, [2019-09-10T19:41:35.699978 #13918]  INFO -- : worker=0 ready
I, [2019-09-10T19:41:35.701798 #13919]  INFO -- : worker=1 ready
E, [2019-09-10T19:41:39.911906 #13918] ERROR -- : app error: Missing `secret_key_base` for 'production' environment, set this string with `rails credentials:edit` (ArgumentError)
E, [2019-09-10T19:41:39.912238 #13918] ERROR -- : /Users/noguchidaisuke/.rbenv/versions/2.6.3/lib/ruby/gems/2.6.0/gems/railties-5.2.3/lib/rails/application.rb:585:in `validate_secret_key_base'
E, [2019-09-10T19:41:39.912360 #13918] ERROR -- : /Users/noguchidaisuke/.rbenv/versions/2.6.3/lib/ruby/gems/2.6.0/gems/railties-5.2.3/lib/rails/application.rb:432:in `secret_key_base'
E, [2019-09-10T19:41:39.912507 #13918] ERROR -- : /Users/noguchidaisuke/.rbenv/versions/2.6.3/lib/ruby/gems/2.6.0/gems/railties-5.2.3/lib/rails/application.rb:253:in `env_config'
E, [2019-09-10T19:41:39.912617 #13918] ERROR -- : /Users/noguchidaisuke/.rbenv/versions/2.6.3/lib/ruby/gems/2.6.0/gems/railties-5.2.3/lib/rails/engine.rb:706:in `build_request'
E, [2019-09-10T19:41:39.912710 #13918] ERROR -- : /Users/noguchidaisuke/.rbenv/versions/2.6.3/lib/ruby/gems/2.6.0/gems/railties-5.2.3/lib/rails/application.rb:608:in `build_request'
E, [2019-09-10T19:41:39.912814 #13918] ERROR -- : /Users/noguchidaisuke/.rbenv/versions/2.6.3/lib/ruby/gems/2.6.0/gems/railties-5.2.3/lib/rails/engine.rb:523:in `call'
E, [2019-09-10T19:41:39.912962 #13918] ERROR -- : /Users/noguchidaisuke/.rbenv/versions/2.6.3/lib/ruby/gems/2.6.0/gems/unicorn-5.5.1/lib/unicorn/http_server.rb:605:in `process_client'
E, [2019-09-10T19:41:39.913080 #13918] ERROR -- : /Users/noguchidaisuke/.rbenv/versions/2.6.3/lib/ruby/gems/2.6.0/gems/unicorn-5.5.1/lib/unicorn/http_server.rb:700:in `worker_loop'
E, [2019-09-10T19:41:39.913171 #13918] ERROR -- : /Users/noguchidaisuke/.rbenv/versions/2.6.3/lib/ruby/gems/2.6.0/gems/unicorn-5.5.1/lib/unicorn/http_server.rb:548:in `spawn_missing_workers'
E, [2019-09-10T19:41:39.913260 #13918] ERROR -- : /Users/noguchidaisuke/.rbenv/versions/2.6.3/lib/ruby/gems/2.6.0/gems/unicorn-5.5.1/lib/unicorn/http_server.rb:144:in `start'
E, [2019-09-10T19:41:39.913412 #13918] ERROR -- : /Users/noguchidaisuke/.rbenv/versions/2.6.3/lib/ruby/gems/2.6.0/gems/unicorn-5.5.1/bin/unicorn:128:in `<top (required)>'
E, [2019-09-10T19:41:39.913543 #13918] ERROR -- : /Users/noguchidaisuke/.rbenv/versions/2.6.3/bin/unicorn:23:in `load'
E, [2019-09-10T19:41:39.913673 #13918] ERROR -- : /Users/noguchidaisuke/.rbenv/versions/2.6.3/bin/unicorn:23:in `<main>'
E, [2019-09-10T19:41:43.015497 #13918] ERROR -- : app error: Missing `secret_key_base` for 'production' environment, set this string with `rails credentials:edit` (ArgumentError)
E, [2019-09-10T19:41:43.015699 #13918] ERROR -- : /Users/noguchidaisuke/.rbenv/versions/2.6.3/lib/ruby/gems/2.6.0/gems/railties-5.2.3/lib/rails/application.rb:585:in `validate_secret_key_base'
E, [2019-09-10T19:41:43.015825 #13918] ERROR -- : /Users/noguchidaisuke/.rbenv/versions/2.6.3/lib/ruby/gems/2.6.0/gems/railties-5.2.3/lib/rails/application.rb:432:in `secret_key_base'
E, [2019-09-10T19:41:43.016025 #13918] ERROR -- : /Users/noguchidaisuke/.rbenv/versions/2.6.3/lib/ruby/gems/2.6.0/gems/railties-5.2.3/lib/rails/application.rb:253:in `env_config'
E, [2019-09-10T19:41:43.016204 #13918] ERROR -- : /Users/noguchidaisuke/.rbenv/versions/2.6.3/lib/ruby/gems/2.6.0/gems/railties-5.2.3/lib/rails/engine.rb:706:in `build_request'
E, [2019-09-10T19:41:43.016378 #13918] ERROR -- : /Users/noguchidaisuke/.rbenv/versions/2.6.3/lib/ruby/gems/2.6.0/gems/railties-5.2.3/lib/rails/application.rb:608:in `build_request'
E, [2019-09-10T19:41:43.016564 #13918] ERROR -- : /Users/noguchidaisuke/.rbenv/versions/2.6.3/lib/ruby/gems/2.6.0/gems/railties-5.2.3/lib/rails/engine.rb:523:in `call'
E, [2019-09-10T19:41:43.016745 #13918] ERROR -- : /Users/noguchidaisuke/.rbenv/versions/2.6.3/lib/ruby/gems/2.6.0/gems/unicorn-5.5.1/lib/unicorn/http_server.rb:605:in `process_client'
E, [2019-09-10T19:41:43.016920 #13918] ERROR -- : /Users/noguchidaisuke/.rbenv/versions/2.6.3/lib/ruby/gems/2.6.0/gems/unicorn-5.5.1/lib/unicorn/http_server.rb:700:in `worker_loop'
E, [2019-09-10T19:41:43.017116 #13918] ERROR -- : /Users/noguchidaisuke/.rbenv/versions/2.6.3/lib/ruby/gems/2.6.0/gems/unicorn-5.5.1/lib/unicorn/http_server.rb:548:in `spawn_missing_workers'
E, [2019-09-10T19:41:43.017440 #13918] ERROR -- : /Users/noguchidaisuke/.rbenv/versions/2.6.3/lib/ruby/gems/2.6.0/gems/unicorn-5.5.1/lib/unicorn/http_server.rb:144:in `start'
E, [2019-09-10T19:41:43.017560 #13918] ERROR -- : /Users/noguchidaisuke/.rbenv/versions/2.6.3/lib/ruby/gems/2.6.0/gems/unicorn-5.5.1/bin/unicorn:128:in `<top (required)>'
E, [2019-09-10T19:41:43.017652 #13918] ERROR -- : /Users/noguchidaisuke/.rbenv/versions/2.6.3/bin/unicorn:23:in `load'
E, [2019-09-10T19:41:43.017741 #13918] ERROR -- : /Users/noguchidaisuke/.rbenv/versions/2.6.3/bin/unicorn:23:in `<main>'
E, [2019-09-10T19:41:54.892749 #13919] ERROR -- : app error: Missing `secret_key_base` for 'production' environment, set this string with `rails credentials:edit` (ArgumentError)
E, [2019-09-10T19:41:54.901680 #13919] ERROR -- : /Users/noguchidaisuke/.rbenv/versions/2.6.3/lib/ruby/gems/2.6.0/gems/railties-5.2.3/lib/rails/application.rb:585:in `validate_secret_key_base'
E, [2019-09-10T19:41:54.904236 #13919] ERROR -- : /Users/noguchidaisuke/.rbenv/versions/2.6.3/lib/ruby/gems/2.6.0/gems/railties-5.2.3/lib/rails/application.rb:432:in `secret_key_base'
E, [2019-09-10T19:41:54.904984 #13919] ERROR -- : /Users/noguchidaisuke/.rbenv/versions/2.6.3/lib/ruby/gems/2.6.0/gems/railties-5.2.3/lib/rails/application.rb:253:in `env_config'
E, [2019-09-10T19:41:54.905277 #13919] ERROR -- : /Users/noguchidaisuke/.rbenv/versions/2.6.3/lib/ruby/gems/2.6.0/gems/railties-5.2.3/lib/rails/engine.rb:706:in `build_request'
E, [2019-09-10T19:41:54.905484 #13919] ERROR -- : /Users/noguchidaisuke/.rbenv/versions/2.6.3/lib/ruby/gems/2.6.0/gems/railties-5.2.3/lib/rails/application.rb:608:in `build_request'
E, [2019-09-10T19:41:54.905707 #13919] ERROR -- : /Users/noguchidaisuke/.rbenv/versions/2.6.3/lib/ruby/gems/2.6.0/gems/railties-5.2.3/lib/rails/engine.rb:523:in `call'
E, [2019-09-10T19:41:54.906354 #13919] ERROR -- : /Users/noguchidaisuke/.rbenv/versions/2.6.3/lib/ruby/gems/2.6.0/gems/unicorn-5.5.1/lib/unicorn/http_server.rb:605:in `process_client'
E, [2019-09-10T19:41:54.906755 #13919] ERROR -- : /Users/noguchidaisuke/.rbenv/versions/2.6.3/lib/ruby/gems/2.6.0/gems/unicorn-5.5.1/lib/unicorn/http_server.rb:700:in `worker_loop'
E, [2019-09-10T19:41:54.907663 #13919] ERROR -- : /Users/noguchidaisuke/.rbenv/versions/2.6.3/lib/ruby/gems/2.6.0/gems/unicorn-5.5.1/lib/unicorn/http_server.rb:548:in `spawn_missing_workers'
E, [2019-09-10T19:41:54.907967 #13919] ERROR -- : /Users/noguchidaisuke/.rbenv/versions/2.6.3/lib/ruby/gems/2.6.0/gems/unicorn-5.5.1/lib/unicorn/http_server.rb:144:in `start'
E, [2019-09-10T19:41:54.908193 #13919] ERROR -- : /Users/noguchidaisuke/.rbenv/versions/2.6.3/lib/ruby/gems/2.6.0/gems/unicorn-5.5.1/bin/unicorn:128:in `<top (required)>'
E, [2019-09-10T19:41:54.908457 #13919] ERROR -- : /Users/noguchidaisuke/.rbenv/versions/2.6.3/bin/unicorn:23:in `load'
E, [2019-09-10T19:41:54.908673 #13919] ERROR -- : /Users/noguchidaisuke/.rbenv/versions/2.6.3/bin/unicorn:23:in `<main>'
D, [2019-09-10T19:50:48.319985 #13906] DEBUG -- : waiting 16.0s after suspend/hibernation
I, [2019-09-10T20:17:34.208342 #14159]  INFO -- : Refreshing Gem list
I, [2019-09-10T20:17:40.813551 #14159]  INFO -- : unlinking existing socket=/Users/noguchidaisuke/gnavi/tmp/sockets/unicorn.sock
I, [2019-09-10T20:17:40.816127 #14159]  INFO -- : listening on addr=/Users/noguchidaisuke/gnavi/tmp/sockets/unicorn.sock fd=15
I, [2019-09-10T20:17:40.935565 #14159]  INFO -- : master process ready
I, [2019-09-10T20:17:40.941950 #14167]  INFO -- : worker=0 ready
I, [2019-09-10T20:17:40.944983 #14168]  INFO -- : worker=1 ready
I, [2019-09-10T20:53:00.065160 #14609]  INFO -- : Refreshing Gem list
I, [2019-09-10T20:53:04.610826 #14609]  INFO -- : unlinking existing socket=/Users/noguchidaisuke/gnavi/tmp/sockets/unicorn.sock
I, [2019-09-10T20:53:04.611260 #14609]  INFO -- : listening on addr=/Users/noguchidaisuke/gnavi/tmp/sockets/unicorn.sock fd=15
I, [2019-09-10T20:53:04.694513 #14609]  INFO -- : master process ready
I, [2019-09-10T20:53:04.698771 #14617]  INFO -- : worker=0 ready
I, [2019-09-10T20:53:04.708776 #14618]  INFO -- : worker=1 ready
E, [2019-09-10T20:53:16.825922 #14617] ERROR -- : app error: Missing `secret_key_base` for 'production' environment, set this string with `rails credentials:edit` (ArgumentError)
E, [2019-09-10T20:53:16.826815 #14617] ERROR -- : /Users/noguchidaisuke/.rbenv/versions/2.6.3/lib/ruby/gems/2.6.0/gems/railties-5.2.3/lib/rails/application.rb:585:in `validate_secret_key_base'
E, [2019-09-10T20:53:16.827661 #14617] ERROR -- : /Users/noguchidaisuke/.rbenv/versions/2.6.3/lib/ruby/gems/2.6.0/gems/railties-5.2.3/lib/rails/application.rb:432:in `secret_key_base'
E, [2019-09-10T20:53:16.828050 #14617] ERROR -- : /Users/noguchidaisuke/.rbenv/versions/2.6.3/lib/ruby/gems/2.6.0/gems/railties-5.2.3/lib/rails/application.rb:253:in `env_config'
E, [2019-09-10T20:53:16.828335 #14617] ERROR -- : /Users/noguchidaisuke/.rbenv/versions/2.6.3/lib/ruby/gems/2.6.0/gems/railties-5.2.3/lib/rails/engine.rb:706:in `build_request'
E, [2019-09-10T20:53:16.828635 #14617] ERROR -- : /Users/noguchidaisuke/.rbenv/versions/2.6.3/lib/ruby/gems/2.6.0/gems/railties-5.2.3/lib/rails/application.rb:608:in `build_request'
E, [2019-09-10T20:53:16.828827 #14617] ERROR -- : /Users/noguchidaisuke/.rbenv/versions/2.6.3/lib/ruby/gems/2.6.0/gems/railties-5.2.3/lib/rails/engine.rb:523:in `call'
E, [2019-09-10T20:53:16.828999 #14617] ERROR -- : /Users/noguchidaisuke/.rbenv/versions/2.6.3/lib/ruby/gems/2.6.0/gems/unicorn-5.5.1/lib/unicorn/http_server.rb:605:in `process_client'
E, [2019-09-10T20:53:16.829153 #14617] ERROR -- : /Users/noguchidaisuke/.rbenv/versions/2.6.3/lib/ruby/gems/2.6.0/gems/unicorn-5.5.1/lib/unicorn/http_server.rb:700:in `worker_loop'
E, [2019-09-10T20:53:16.829256 #14617] ERROR -- : /Users/noguchidaisuke/.rbenv/versions/2.6.3/lib/ruby/gems/2.6.0/gems/unicorn-5.5.1/lib/unicorn/http_server.rb:548:in `spawn_missing_workers'
E, [2019-09-10T20:53:16.829351 #14617] ERROR -- : /Users/noguchidaisuke/.rbenv/versions/2.6.3/lib/ruby/gems/2.6.0/gems/unicorn-5.5.1/lib/unicorn/http_server.rb:144:in `start'
E, [2019-09-10T20:53:16.829598 #14617] ERROR -- : /Users/noguchidaisuke/.rbenv/versions/2.6.3/lib/ruby/gems/2.6.0/gems/unicorn-5.5.1/bin/unicorn:128:in `<top (required)>'
E, [2019-09-10T20:53:16.829790 #14617] ERROR -- : /Users/noguchidaisuke/.rbenv/versions/2.6.3/bin/unicorn:23:in `load'
E, [2019-09-10T20:53:16.829952 #14617] ERROR -- : /Users/noguchidaisuke/.rbenv/versions/2.6.3/bin/unicorn:23:in `<top (required)>'
E, [2019-09-10T20:53:16.830091 #14617] ERROR -- : /Users/noguchidaisuke/.rbenv/versions/2.6.3/lib/ruby/2.6.0/bundler/cli/exec.rb:74:in `load'
E, [2019-09-10T20:53:16.830187 #14617] ERROR -- : /Users/noguchidaisuke/.rbenv/versions/2.6.3/lib/ruby/2.6.0/bundler/cli/exec.rb:74:in `kernel_load'
E, [2019-09-10T20:53:16.830279 #14617] ERROR -- : /Users/noguchidaisuke/.rbenv/versions/2.6.3/lib/ruby/2.6.0/bundler/cli/exec.rb:28:in `run'
E, [2019-09-10T20:53:16.830385 #14617] ERROR -- : /Users/noguchidaisuke/.rbenv/versions/2.6.3/lib/ruby/2.6.0/bundler/cli.rb:463:in `exec'
E, [2019-09-10T20:53:16.830474 #14617] ERROR -- : /Users/noguchidaisuke/.rbenv/versions/2.6.3/lib/ruby/2.6.0/bundler/vendor/thor/lib/thor/command.rb:27:in `run'
E, [2019-09-10T20:53:16.830560 #14617] ERROR -- : /Users/noguchidaisuke/.rbenv/versions/2.6.3/lib/ruby/2.6.0/bundler/vendor/thor/lib/thor/invocation.rb:126:in `invoke_command'
E, [2019-09-10T20:53:16.830645 #14617] ERROR -- : /Users/noguchidaisuke/.rbenv/versions/2.6.3/lib/ruby/2.6.0/bundler/vendor/thor/lib/thor.rb:387:in `dispatch'
E, [2019-09-10T20:53:16.831104 #14617] ERROR -- : /Users/noguchidaisuke/.rbenv/versions/2.6.3/lib/ruby/2.6.0/bundler/cli.rb:27:in `dispatch'
E, [2019-09-10T20:53:16.831520 #14617] ERROR -- : /Users/noguchidaisuke/.rbenv/versions/2.6.3/lib/ruby/2.6.0/bundler/vendor/thor/lib/thor/base.rb:466:in `start'
E, [2019-09-10T20:53:16.831756 #14617] ERROR -- : /Users/noguchidaisuke/.rbenv/versions/2.6.3/lib/ruby/2.6.0/bundler/cli.rb:18:in `start'
E, [2019-09-10T20:53:16.831956 #14617] ERROR -- : /Users/noguchidaisuke/.rbenv/versions/2.6.3/lib/ruby/gems/2.6.0/gems/bundler-1.17.2/exe/bundle:30:in `block in <top (required)>'
E, [2019-09-10T20:53:16.832134 #14617] ERROR -- : /Users/noguchidaisuke/.rbenv/versions/2.6.3/lib/ruby/2.6.0/bundler/friendly_errors.rb:124:in `with_friendly_errors'
E, [2019-09-10T20:53:16.832303 #14617] ERROR -- : /Users/noguchidaisuke/.rbenv/versions/2.6.3/lib/ruby/gems/2.6.0/gems/bundler-1.17.2/exe/bundle:22:in `<top (required)>'
E, [2019-09-10T20:53:16.832948 #14617] ERROR -- : /Users/noguchidaisuke/.rbenv/versions/2.6.3/bin/bundle:23:in `load'
E, [2019-09-10T20:53:16.833181 #14617] ERROR -- : /Users/noguchidaisuke/.rbenv/versions/2.6.3/bin/bundle:23:in `<main>'
I, [2019-09-10T20:56:26.113836 #14666]  INFO -- : Refreshing Gem list
I, [2019-09-10T20:56:33.564059 #14666]  INFO -- : unlinking existing socket=/Users/noguchidaisuke/gnavi/tmp/sockets/unicorn.sock
I, [2019-09-10T20:56:33.565550 #14666]  INFO -- : listening on addr=/Users/noguchidaisuke/gnavi/tmp/sockets/unicorn.sock fd=22
I, [2019-09-10T20:56:34.125006 #14666]  INFO -- : master process ready
I, [2019-09-10T20:56:34.129382 #14699]  INFO -- : worker=0 ready
I, [2019-09-10T20:56:34.129382 #14700]  INFO -- : worker=1 ready
127.0.0.1 - - [10/Sep/2019:20:56:49 +0900] "GET / HTTP/1.0" 200 - 2.5998
127.0.0.1 - - [10/Sep/2019:20:56:50 +0900] "GET /jquery.self-bd7ddd393353a8d2480a622e80342adf488fb6006d667e8b42e4c0073393abee.js?body=1 HTTP/1.0" 200 293431 0.2058
127.0.0.1 - - [10/Sep/2019:20:56:50 +0900] "GET /gnavi_top HTTP/1.0" 304 - 0.0070
127.0.0.1 - - [10/Sep/2019:20:56:50 +0900] "GET /favicon.ico HTTP/1.0" 200 - 0.0008
I, [2019-09-10T20:56:57.336752 #14666]  INFO -- : reaped #<Process::Status: pid 14700 exit 0> worker=1
I, [2019-09-10T20:56:57.337361 #14666]  INFO -- : reaped #<Process::Status: pid 14699 exit 0> worker=0
I, [2019-09-10T20:56:57.337810 #14666]  INFO -- : master complete
I, [2019-09-10T21:01:57.609546 #14806]  INFO -- : Refreshing Gem list
I, [2019-09-10T21:02:02.767513 #14806]  INFO -- : listening on addr=0.0.0.0:8081 fd=22
I, [2019-09-10T21:02:03.078149 #14806]  INFO -- : master process ready
I, [2019-09-10T21:02:03.183629 #14806]  INFO -- : reaped #<Process::Status: pid 14841 exit 0> worker=1
I, [2019-09-10T21:02:03.184231 #14806]  INFO -- : reaped #<Process::Status: pid 14840 exit 0> worker=0
I, [2019-09-10T21:02:03.184449 #14806]  INFO -- : master complete
I, [2019-09-10T21:02:26.004292 #14874]  INFO -- : Refreshing Gem list
I, [2019-09-10T21:02:30.316794 #14874]  INFO -- : listening on addr=0.0.0.0:8081 fd=13
I, [2019-09-10T21:02:30.401473 #14874]  INFO -- : master process ready
I, [2019-09-10T21:02:30.423533 #14886]  INFO -- : worker=0 ready
I, [2019-09-10T21:02:30.426813 #14887]  INFO -- : worker=1 ready
E, [2019-09-10T21:02:39.268909 #14887] ERROR -- : app error: Missing `secret_key_base` for 'production' environment, set this string with `rails credentials:edit` (ArgumentError)
E, [2019-09-10T21:02:39.271117 #14887] ERROR -- : /Users/noguchidaisuke/.rbenv/versions/2.6.3/lib/ruby/gems/2.6.0/gems/railties-5.2.3/lib/rails/application.rb:585:in `validate_secret_key_base'
E, [2019-09-10T21:02:39.272928 #14887] ERROR -- : /Users/noguchidaisuke/.rbenv/versions/2.6.3/lib/ruby/gems/2.6.0/gems/railties-5.2.3/lib/rails/application.rb:432:in `secret_key_base'
E, [2019-09-10T21:02:39.273392 #14887] ERROR -- : /Users/noguchidaisuke/.rbenv/versions/2.6.3/lib/ruby/gems/2.6.0/gems/railties-5.2.3/lib/rails/application.rb:253:in `env_config'
E, [2019-09-10T21:02:39.273604 #14887] ERROR -- : /Users/noguchidaisuke/.rbenv/versions/2.6.3/lib/ruby/gems/2.6.0/gems/railties-5.2.3/lib/rails/engine.rb:706:in `build_request'
E, [2019-09-10T21:02:39.273796 #14887] ERROR -- : /Users/noguchidaisuke/.rbenv/versions/2.6.3/lib/ruby/gems/2.6.0/gems/railties-5.2.3/lib/rails/application.rb:608:in `build_request'
E, [2019-09-10T21:02:39.273969 #14887] ERROR -- : /Users/noguchidaisuke/.rbenv/versions/2.6.3/lib/ruby/gems/2.6.0/gems/railties-5.2.3/lib/rails/engine.rb:523:in `call'
E, [2019-09-10T21:02:39.274161 #14887] ERROR -- : /Users/noguchidaisuke/.rbenv/versions/2.6.3/lib/ruby/gems/2.6.0/gems/unicorn-5.5.1/lib/unicorn/http_server.rb:605:in `process_client'
E, [2019-09-10T21:02:39.274349 #14887] ERROR -- : /Users/noguchidaisuke/.rbenv/versions/2.6.3/lib/ruby/gems/2.6.0/gems/unicorn-5.5.1/lib/unicorn/http_server.rb:700:in `worker_loop'
E, [2019-09-10T21:02:39.274541 #14887] ERROR -- : /Users/noguchidaisuke/.rbenv/versions/2.6.3/lib/ruby/gems/2.6.0/gems/unicorn-5.5.1/lib/unicorn/http_server.rb:548:in `spawn_missing_workers'
E, [2019-09-10T21:02:39.274745 #14887] ERROR -- : /Users/noguchidaisuke/.rbenv/versions/2.6.3/lib/ruby/gems/2.6.0/gems/unicorn-5.5.1/lib/unicorn/http_server.rb:144:in `start'
E, [2019-09-10T21:02:39.274950 #14887] ERROR -- : /Users/noguchidaisuke/.rbenv/versions/2.6.3/lib/ruby/gems/2.6.0/gems/unicorn-5.5.1/bin/unicorn:128:in `<top (required)>'
E, [2019-09-10T21:02:39.275134 #14887] ERROR -- : /Users/noguchidaisuke/.rbenv/versions/2.6.3/bin/unicorn:23:in `load'
E, [2019-09-10T21:02:39.276280 #14887] ERROR -- : /Users/noguchidaisuke/.rbenv/versions/2.6.3/bin/unicorn:23:in `<top (required)>'
E, [2019-09-10T21:02:39.276497 #14887] ERROR -- : /Users/noguchidaisuke/.rbenv/versions/2.6.3/lib/ruby/2.6.0/bundler/cli/exec.rb:74:in `load'
E, [2019-09-10T21:02:39.276669 #14887] ERROR -- : /Users/noguchidaisuke/.rbenv/versions/2.6.3/lib/ruby/2.6.0/bundler/cli/exec.rb:74:in `kernel_load'
E, [2019-09-10T21:02:39.276846 #14887] ERROR -- : /Users/noguchidaisuke/.rbenv/versions/2.6.3/lib/ruby/2.6.0/bundler/cli/exec.rb:28:in `run'
E, [2019-09-10T21:02:39.277768 #14887] ERROR -- : /Users/noguchidaisuke/.rbenv/versions/2.6.3/lib/ruby/2.6.0/bundler/cli.rb:463:in `exec'
E, [2019-09-10T21:02:39.278089 #14887] ERROR -- : /Users/noguchidaisuke/.rbenv/versions/2.6.3/lib/ruby/2.6.0/bundler/vendor/thor/lib/thor/command.rb:27:in `run'
E, [2019-09-10T21:02:39.278331 #14887] ERROR -- : /Users/noguchidaisuke/.rbenv/versions/2.6.3/lib/ruby/2.6.0/bundler/vendor/thor/lib/thor/invocation.rb:126:in `invoke_command'
E, [2019-09-10T21:02:39.280004 #14887] ERROR -- : /Users/noguchidaisuke/.rbenv/versions/2.6.3/lib/ruby/2.6.0/bundler/vendor/thor/lib/thor.rb:387:in `dispatch'
E, [2019-09-10T21:02:39.280463 #14887] ERROR -- : /Users/noguchidaisuke/.rbenv/versions/2.6.3/lib/ruby/2.6.0/bundler/cli.rb:27:in `dispatch'
E, [2019-09-10T21:02:39.280880 #14887] ERROR -- : /Users/noguchidaisuke/.rbenv/versions/2.6.3/lib/ruby/2.6.0/bundler/vendor/thor/lib/thor/base.rb:466:in `start'
E, [2019-09-10T21:02:39.281989 #14887] ERROR -- : /Users/noguchidaisuke/.rbenv/versions/2.6.3/lib/ruby/2.6.0/bundler/cli.rb:18:in `start'
E, [2019-09-10T21:02:39.282528 #14887] ERROR -- : /Users/noguchidaisuke/.rbenv/versions/2.6.3/lib/ruby/gems/2.6.0/gems/bundler-1.17.2/exe/bundle:30:in `block in <top (required)>'
E, [2019-09-10T21:02:39.283148 #14887] ERROR -- : /Users/noguchidaisuke/.rbenv/versions/2.6.3/lib/ruby/2.6.0/bundler/friendly_errors.rb:124:in `with_friendly_errors'
E, [2019-09-10T21:02:39.283553 #14887] ERROR -- : /Users/noguchidaisuke/.rbenv/versions/2.6.3/lib/ruby/gems/2.6.0/gems/bundler-1.17.2/exe/bundle:22:in `<top (required)>'
E, [2019-09-10T21:02:39.284649 #14887] ERROR -- : /Users/noguchidaisuke/.rbenv/versions/2.6.3/bin/bundle:23:in `load'
E, [2019-09-10T21:02:39.285099 #14887] ERROR -- : /Users/noguchidaisuke/.rbenv/versions/2.6.3/bin/bundle:23:in `<main>'
E, [2019-09-10T21:03:10.411676 #14874] ERROR -- : worker=0 PID:14886 timeout (31s > 30s), killing
E, [2019-09-10T21:03:10.412937 #14874] ERROR -- : worker=1 PID:14887 timeout (31s > 30s), killing
E, [2019-09-10T21:03:10.417147 #14874] ERROR -- : reaped #<Process::Status: pid 14887 SIGKILL (signal 9)> worker=1
E, [2019-09-10T21:03:10.417426 #14874] ERROR -- : reaped #<Process::Status: pid 14886 SIGKILL (signal 9)> worker=0
I, [2019-09-10T21:03:10.425497 #14898]  INFO -- : worker=0 ready
I, [2019-09-10T21:03:10.426643 #14899]  INFO -- : worker=1 ready
bundler: failed to load command: unicorn (/Users/noguchidaisuke/.rbenv/versions/2.6.3/bin/unicorn)
ArgumentError: Already running on PID:14874 (or pid=/Users/noguchidaisuke/gnavi/tmp/pids/unicorn.pid is stale)
  /Users/noguchidaisuke/.rbenv/versions/2.6.3/lib/ruby/gems/2.6.0/gems/unicorn-5.5.1/lib/unicorn/http_server.rb:207:in `pid='
  /Users/noguchidaisuke/.rbenv/versions/2.6.3/lib/ruby/gems/2.6.0/gems/unicorn-5.5.1/lib/unicorn/http_server.rb:139:in `start'
  /Users/noguchidaisuke/.rbenv/versions/2.6.3/lib/ruby/gems/2.6.0/gems/unicorn-5.5.1/bin/unicorn:128:in `<top (required)>'
  /Users/noguchidaisuke/.rbenv/versions/2.6.3/bin/unicorn:23:in `load'
  /Users/noguchidaisuke/.rbenv/versions/2.6.3/bin/unicorn:23:in `<top (required)>'
I, [2019-09-10T21:03:23.821540 #14947]  INFO -- : Refreshing Gem list
E, [2019-09-10T21:03:30.634922 #14947] ERROR -- : adding listener failed addr=0.0.0.0:8081 (in use)
E, [2019-09-10T21:03:30.636304 #14947] ERROR -- : retrying in 0.5 seconds (4 tries left)
E, [2019-09-10T21:03:31.137180 #14947] ERROR -- : adding listener failed addr=0.0.0.0:8081 (in use)
E, [2019-09-10T21:03:31.137569 #14947] ERROR -- : retrying in 0.5 seconds (3 tries left)
E, [2019-09-10T21:03:31.639309 #14947] ERROR -- : adding listener failed addr=0.0.0.0:8081 (in use)
E, [2019-09-10T21:03:31.639704 #14947] ERROR -- : retrying in 0.5 seconds (2 tries left)
E, [2019-09-10T21:03:32.140523 #14947] ERROR -- : adding listener failed addr=0.0.0.0:8081 (in use)
E, [2019-09-10T21:03:32.148137 #14947] ERROR -- : retrying in 0.5 seconds (1 tries left)
E, [2019-09-10T21:03:32.650181 #14947] ERROR -- : adding listener failed addr=0.0.0.0:8081 (in use)
E, [2019-09-10T21:03:32.650545 #14947] ERROR -- : retrying in 0.5 seconds (0 tries left)
E, [2019-09-10T21:03:33.152391 #14947] ERROR -- : adding listener failed addr=0.0.0.0:8081 (in use)
bundler: failed to load command: unicorn (/Users/noguchidaisuke/.rbenv/versions/2.6.3/bin/unicorn)
Errno::EADDRINUSE: Address already in use - bind(2) for 0.0.0.0:8081
  /Users/noguchidaisuke/.rbenv/versions/2.6.3/lib/ruby/gems/2.6.0/gems/unicorn-5.5.1/lib/unicorn/socket_helper.rb:165:in `bind'
  /Users/noguchidaisuke/.rbenv/versions/2.6.3/lib/ruby/gems/2.6.0/gems/unicorn-5.5.1/lib/unicorn/socket_helper.rb:165:in `new_tcp_server'
  /Users/noguchidaisuke/.rbenv/versions/2.6.3/lib/ruby/gems/2.6.0/gems/unicorn-5.5.1/lib/unicorn/socket_helper.rb:145:in `bind_listen'
  /Users/noguchidaisuke/.rbenv/versions/2.6.3/lib/ruby/gems/2.6.0/gems/unicorn-5.5.1/lib/unicorn/http_server.rb:243:in `listen'
  /Users/noguchidaisuke/.rbenv/versions/2.6.3/lib/ruby/gems/2.6.0/gems/unicorn-5.5.1/lib/unicorn/http_server.rb:850:in `block in bind_new_listeners!'
  /Users/noguchidaisuke/.rbenv/versions/2.6.3/lib/ruby/gems/2.6.0/gems/unicorn-5.5.1/lib/unicorn/http_server.rb:850:in `each'
  /Users/noguchidaisuke/.rbenv/versions/2.6.3/lib/ruby/gems/2.6.0/gems/unicorn-5.5.1/lib/unicorn/http_server.rb:850:in `bind_new_listeners!'
  /Users/noguchidaisuke/.rbenv/versions/2.6.3/lib/ruby/gems/2.6.0/gems/unicorn-5.5.1/lib/unicorn/http_server.rb:142:in `start'
  /Users/noguchidaisuke/.rbenv/versions/2.6.3/lib/ruby/gems/2.6.0/gems/unicorn-5.5.1/bin/unicorn:128:in `<top (required)>'
  /Users/noguchidaisuke/.rbenv/versions/2.6.3/bin/unicorn:23:in `load'
  /Users/noguchidaisuke/.rbenv/versions/2.6.3/bin/unicorn:23:in `<top (required)>'
I, [2019-09-10T21:03:42.797404 #14996]  INFO -- : Refreshing Gem list
E, [2019-09-10T21:03:46.675843 #14996] ERROR -- : adding listener failed addr=0.0.0.0:8081 (in use)
E, [2019-09-10T21:03:46.676219 #14996] ERROR -- : retrying in 0.5 seconds (4 tries left)
E, [2019-09-10T21:03:47.178454 #14996] ERROR -- : adding listener failed addr=0.0.0.0:8081 (in use)
E, [2019-09-10T21:03:47.178899 #14996] ERROR -- : retrying in 0.5 seconds (3 tries left)
E, [2019-09-10T21:03:47.680911 #14996] ERROR -- : adding listener failed addr=0.0.0.0:8081 (in use)
E, [2019-09-10T21:03:47.681281 #14996] ERROR -- : retrying in 0.5 seconds (2 tries left)
E, [2019-09-10T21:03:48.183138 #14996] ERROR -- : adding listener failed addr=0.0.0.0:8081 (in use)
E, [2019-09-10T21:03:48.183538 #14996] ERROR -- : retrying in 0.5 seconds (1 tries left)
E, [2019-09-10T21:03:48.685465 #14996] ERROR -- : adding listener failed addr=0.0.0.0:8081 (in use)
E, [2019-09-10T21:03:48.685830 #14996] ERROR -- : retrying in 0.5 seconds (0 tries left)
E, [2019-09-10T21:03:49.186768 #14996] ERROR -- : adding listener failed addr=0.0.0.0:8081 (in use)
bundler: failed to load command: unicorn (/Users/noguchidaisuke/.rbenv/versions/2.6.3/bin/unicorn)
Errno::EADDRINUSE: Address already in use - bind(2) for 0.0.0.0:8081
  /Users/noguchidaisuke/.rbenv/versions/2.6.3/lib/ruby/gems/2.6.0/gems/unicorn-5.5.1/lib/unicorn/socket_helper.rb:165:in `bind'
  /Users/noguchidaisuke/.rbenv/versions/2.6.3/lib/ruby/gems/2.6.0/gems/unicorn-5.5.1/lib/unicorn/socket_helper.rb:165:in `new_tcp_server'
  /Users/noguchidaisuke/.rbenv/versions/2.6.3/lib/ruby/gems/2.6.0/gems/unicorn-5.5.1/lib/unicorn/socket_helper.rb:145:in `bind_listen'
  /Users/noguchidaisuke/.rbenv/versions/2.6.3/lib/ruby/gems/2.6.0/gems/unicorn-5.5.1/lib/unicorn/http_server.rb:243:in `listen'
  /Users/noguchidaisuke/.rbenv/versions/2.6.3/lib/ruby/gems/2.6.0/gems/unicorn-5.5.1/lib/unicorn/http_server.rb:850:in `block in bind_new_listeners!'
  /Users/noguchidaisuke/.rbenv/versions/2.6.3/lib/ruby/gems/2.6.0/gems/unicorn-5.5.1/lib/unicorn/http_server.rb:850:in `each'
  /Users/noguchidaisuke/.rbenv/versions/2.6.3/lib/ruby/gems/2.6.0/gems/unicorn-5.5.1/lib/unicorn/http_server.rb:850:in `bind_new_listeners!'
  /Users/noguchidaisuke/.rbenv/versions/2.6.3/lib/ruby/gems/2.6.0/gems/unicorn-5.5.1/lib/unicorn/http_server.rb:142:in `start'
  /Users/noguchidaisuke/.rbenv/versions/2.6.3/lib/ruby/gems/2.6.0/gems/unicorn-5.5.1/bin/unicorn:128:in `<top (required)>'
  /Users/noguchidaisuke/.rbenv/versions/2.6.3/bin/unicorn:23:in `load'
  /Users/noguchidaisuke/.rbenv/versions/2.6.3/bin/unicorn:23:in `<top (required)>'
I, [2019-09-10T21:04:46.021769 #15073]  INFO -- : Refreshing Gem list
I, [2019-09-10T21:04:53.285731 #15073]  INFO -- : listening on addr=0.0.0.0:8081 fd=14
I, [2019-09-10T21:04:53.849516 #15073]  INFO -- : master process ready
I, [2019-09-10T21:04:53.853277 #15094]  INFO -- : worker=0 ready
I, [2019-09-10T21:04:53.854420 #15095]  INFO -- : worker=1 ready
127.0.0.1 - - [10/Sep/2019:21:05:02 +0900] "GET / HTTP/1.1" 200 - 2.8386
127.0.0.1 - - [10/Sep/2019:21:05:02 +0900] "GET /jquery.self-bd7ddd393353a8d2480a622e80342adf488fb6006d667e8b42e4c0073393abee.js?body=1 HTTP/1.1" 200 293431 0.0154
127.0.0.1 - - [10/Sep/2019:21:05:02 +0900] "GET /jquery_ujs.self-784a997f6726036b1993eb2217c9cb558e1cbb801c6da88105588c56f13b466a.js?body=1 HTTP/1.1" 200 21600 0.0060
127.0.0.1 - - [10/Sep/2019:21:05:02 +0900] "GET /turbolinks.self-569ee74eaa15c1e2019317ff770b8769b1ec033a0f572a485f64c82ddc8f989e.js?body=1 HTTP/1.1" 200 38521 0.0083
127.0.0.1 - - [10/Sep/2019:21:05:02 +0900] "GET /action_cable.self-69fddfcddf4fdef9828648f9330d6ce108b93b82b0b8d3affffc59a114853451.js?body=1 HTTP/1.1" 200 20539 0.0146
127.0.0.1 - - [10/Sep/2019:21:05:02 +0900] "GET /cable.self-6e0514260c1aa76eaf252412ce74e63f68819fd19bf740595f592c5ba4c36537.js?body=1 HTTP/1.1" 200 291 0.0209
127.0.0.1 - - [10/Sep/2019:21:05:02 +0900] "GET /application.self-b89234cf2659d7fedea75bca0b8d231ad7dfc2f3f57fcbaf5f44ed9dc384137b.js?body=1 HTTP/1.1" 200 662 0.0124
127.0.0.1 - - [10/Sep/2019:21:05:03 +0900] "GET /application.self-0f6e7ae62b6e132eef3dece1dd0de1d12016f6d488273d7fac75f0c2e8c74426.css?body=1 HTTP/1.1" 200 6313 1.4538
127.0.0.1 - - [10/Sep/2019:21:05:09 +0900] "GET / HTTP/1.1" 200 - 0.0639
127.0.0.1 - - [10/Sep/2019:21:05:10 +0900] "GET /application.self-0f6e7ae62b6e132eef3dece1dd0de1d12016f6d488273d7fac75f0c2e8c74426.css?body=1 HTTP/1.1" 200 6313 0.0090
127.0.0.1 - - [10/Sep/2019:21:05:10 +0900] "GET /gnavi_top HTTP/1.1" 200 119164 0.0194
127.0.0.1 - - [10/Sep/2019:21:05:11 +0900] "GET /favicon.ico HTTP/1.1" 200 - 0.0010
I, [2019-09-10T21:05:51.537507 #15156]  INFO -- : Refreshing Gem list
E, [2019-09-10T21:05:57.372275 #15156] ERROR -- : adding listener failed addr=0.0.0.0:8081 (in use)
E, [2019-09-10T21:05:57.372498 #15156] ERROR -- : retrying in 0.5 seconds (4 tries left)
E, [2019-09-10T21:05:57.873014 #15156] ERROR -- : adding listener failed addr=0.0.0.0:8081 (in use)
E, [2019-09-10T21:05:57.873560 #15156] ERROR -- : retrying in 0.5 seconds (3 tries left)
E, [2019-09-10T21:05:58.375197 #15156] ERROR -- : adding listener failed addr=0.0.0.0:8081 (in use)
E, [2019-09-10T21:05:58.375558 #15156] ERROR -- : retrying in 0.5 seconds (2 tries left)
E, [2019-09-10T21:05:58.876103 #15156] ERROR -- : adding listener failed addr=0.0.0.0:8081 (in use)
E, [2019-09-10T21:05:58.876456 #15156] ERROR -- : retrying in 0.5 seconds (1 tries left)
E, [2019-09-10T21:05:59.377326 #15156] ERROR -- : adding listener failed addr=0.0.0.0:8081 (in use)
E, [2019-09-10T21:05:59.377723 #15156] ERROR -- : retrying in 0.5 seconds (0 tries left)
E, [2019-09-10T21:05:59.879410 #15156] ERROR -- : adding listener failed addr=0.0.0.0:8081 (in use)
bundler: failed to load command: unicorn (/Users/noguchidaisuke/.rbenv/versions/2.6.3/bin/unicorn)
Errno::EADDRINUSE: Address already in use - bind(2) for 0.0.0.0:8081
  /Users/noguchidaisuke/.rbenv/versions/2.6.3/lib/ruby/gems/2.6.0/gems/unicorn-5.5.1/lib/unicorn/socket_helper.rb:165:in `bind'
  /Users/noguchidaisuke/.rbenv/versions/2.6.3/lib/ruby/gems/2.6.0/gems/unicorn-5.5.1/lib/unicorn/socket_helper.rb:165:in `new_tcp_server'
  /Users/noguchidaisuke/.rbenv/versions/2.6.3/lib/ruby/gems/2.6.0/gems/unicorn-5.5.1/lib/unicorn/socket_helper.rb:145:in `bind_listen'
  /Users/noguchidaisuke/.rbenv/versions/2.6.3/lib/ruby/gems/2.6.0/gems/unicorn-5.5.1/lib/unicorn/http_server.rb:243:in `listen'
  /Users/noguchidaisuke/.rbenv/versions/2.6.3/lib/ruby/gems/2.6.0/gems/unicorn-5.5.1/lib/unicorn/http_server.rb:850:in `block in bind_new_listeners!'
  /Users/noguchidaisuke/.rbenv/versions/2.6.3/lib/ruby/gems/2.6.0/gems/unicorn-5.5.1/lib/unicorn/http_server.rb:850:in `each'
  /Users/noguchidaisuke/.rbenv/versions/2.6.3/lib/ruby/gems/2.6.0/gems/unicorn-5.5.1/lib/unicorn/http_server.rb:850:in `bind_new_listeners!'
  /Users/noguchidaisuke/.rbenv/versions/2.6.3/lib/ruby/gems/2.6.0/gems/unicorn-5.5.1/lib/unicorn/http_server.rb:142:in `start'
  /Users/noguchidaisuke/.rbenv/versions/2.6.3/lib/ruby/gems/2.6.0/gems/unicorn-5.5.1/bin/unicorn:128:in `<top (required)>'
  /Users/noguchidaisuke/.rbenv/versions/2.6.3/bin/unicorn:23:in `load'
  /Users/noguchidaisuke/.rbenv/versions/2.6.3/bin/unicorn:23:in `<top (required)>'
I, [2019-09-10T21:08:16.678199 #15215]  INFO -- : Refreshing Gem list
I, [2019-09-10T21:08:19.857431 #15215]  INFO -- : listening on addr=0.0.0.0:8081 fd=13
I, [2019-09-10T21:08:19.901358 #15215]  INFO -- : master process ready
I, [2019-09-10T21:08:19.907763 #15228]  INFO -- : worker=0 ready
I, [2019-09-10T21:08:19.908094 #15229]  INFO -- : worker=1 ready
E, [2019-09-10T21:08:56.230795 #15228] ERROR -- : app error: Missing `secret_key_base` for 'production' environment, set this string with `rails credentials:edit` (ArgumentError)
E, [2019-09-10T21:08:56.231993 #15228] ERROR -- : /Users/noguchidaisuke/.rbenv/versions/2.6.3/lib/ruby/gems/2.6.0/gems/railties-5.2.3/lib/rails/application.rb:585:in `validate_secret_key_base'
E, [2019-09-10T21:08:56.232229 #15228] ERROR -- : /Users/noguchidaisuke/.rbenv/versions/2.6.3/lib/ruby/gems/2.6.0/gems/railties-5.2.3/lib/rails/application.rb:432:in `secret_key_base'
E, [2019-09-10T21:08:56.232359 #15228] ERROR -- : /Users/noguchidaisuke/.rbenv/versions/2.6.3/lib/ruby/gems/2.6.0/gems/railties-5.2.3/lib/rails/application.rb:253:in `env_config'
E, [2019-09-10T21:08:56.232463 #15228] ERROR -- : /Users/noguchidaisuke/.rbenv/versions/2.6.3/lib/ruby/gems/2.6.0/gems/railties-5.2.3/lib/rails/engine.rb:706:in `build_request'
E, [2019-09-10T21:08:56.232558 #15228] ERROR -- : /Users/noguchidaisuke/.rbenv/versions/2.6.3/lib/ruby/gems/2.6.0/gems/railties-5.2.3/lib/rails/application.rb:608:in `build_request'
E, [2019-09-10T21:08:56.232653 #15228] ERROR -- : /Users/noguchidaisuke/.rbenv/versions/2.6.3/lib/ruby/gems/2.6.0/gems/railties-5.2.3/lib/rails/engine.rb:523:in `call'
E, [2019-09-10T21:08:56.232746 #15228] ERROR -- : /Users/noguchidaisuke/.rbenv/versions/2.6.3/lib/ruby/gems/2.6.0/gems/unicorn-5.5.1/lib/unicorn/http_server.rb:605:in `process_client'
E, [2019-09-10T21:08:56.232868 #15228] ERROR -- : /Users/noguchidaisuke/.rbenv/versions/2.6.3/lib/ruby/gems/2.6.0/gems/unicorn-5.5.1/lib/unicorn/http_server.rb:700:in `worker_loop'
E, [2019-09-10T21:08:56.233030 #15228] ERROR -- : /Users/noguchidaisuke/.rbenv/versions/2.6.3/lib/ruby/gems/2.6.0/gems/unicorn-5.5.1/lib/unicorn/http_server.rb:548:in `spawn_missing_workers'
E, [2019-09-10T21:08:56.233363 #15228] ERROR -- : /Users/noguchidaisuke/.rbenv/versions/2.6.3/lib/ruby/gems/2.6.0/gems/unicorn-5.5.1/lib/unicorn/http_server.rb:144:in `start'
E, [2019-09-10T21:08:56.233459 #15228] ERROR -- : /Users/noguchidaisuke/.rbenv/versions/2.6.3/lib/ruby/gems/2.6.0/gems/unicorn-5.5.1/bin/unicorn:128:in `<top (required)>'
E, [2019-09-10T21:08:56.233549 #15228] ERROR -- : /Users/noguchidaisuke/.rbenv/versions/2.6.3/bin/unicorn:23:in `load'
E, [2019-09-10T21:08:56.233635 #15228] ERROR -- : /Users/noguchidaisuke/.rbenv/versions/2.6.3/bin/unicorn:23:in `<top (required)>'
E, [2019-09-10T21:08:56.233723 #15228] ERROR -- : /Users/noguchidaisuke/.rbenv/versions/2.6.3/lib/ruby/2.6.0/bundler/cli/exec.rb:74:in `load'
E, [2019-09-10T21:08:56.233979 #15228] ERROR -- : /Users/noguchidaisuke/.rbenv/versions/2.6.3/lib/ruby/2.6.0/bundler/cli/exec.rb:74:in `kernel_load'
E, [2019-09-10T21:08:56.234118 #15228] ERROR -- : /Users/noguchidaisuke/.rbenv/versions/2.6.3/lib/ruby/2.6.0/bundler/cli/exec.rb:28:in `run'
E, [2019-09-10T21:08:56.234214 #15228] ERROR -- : /Users/noguchidaisuke/.rbenv/versions/2.6.3/lib/ruby/2.6.0/bundler/cli.rb:463:in `exec'
E, [2019-09-10T21:08:56.234305 #15228] ERROR -- : /Users/noguchidaisuke/.rbenv/versions/2.6.3/lib/ruby/2.6.0/bundler/vendor/thor/lib/thor/command.rb:27:in `run'
E, [2019-09-10T21:08:56.234397 #15228] ERROR -- : /Users/noguchidaisuke/.rbenv/versions/2.6.3/lib/ruby/2.6.0/bundler/vendor/thor/lib/thor/invocation.rb:126:in `invoke_command'
E, [2019-09-10T21:08:56.234487 #15228] ERROR -- : /Users/noguchidaisuke/.rbenv/versions/2.6.3/lib/ruby/2.6.0/bundler/vendor/thor/lib/thor.rb:387:in `dispatch'
E, [2019-09-10T21:08:56.234577 #15228] ERROR -- : /Users/noguchidaisuke/.rbenv/versions/2.6.3/lib/ruby/2.6.0/bundler/cli.rb:27:in `dispatch'
E, [2019-09-10T21:08:56.234735 #15228] ERROR -- : /Users/noguchidaisuke/.rbenv/versions/2.6.3/lib/ruby/2.6.0/bundler/vendor/thor/lib/thor/base.rb:466:in `start'
E, [2019-09-10T21:08:56.234910 #15228] ERROR -- : /Users/noguchidaisuke/.rbenv/versions/2.6.3/lib/ruby/2.6.0/bundler/cli.rb:18:in `start'
E, [2019-09-10T21:08:56.235085 #15228] ERROR -- : /Users/noguchidaisuke/.rbenv/versions/2.6.3/lib/ruby/gems/2.6.0/gems/bundler-1.17.2/exe/bundle:30:in `block in <top (required)>'
E, [2019-09-10T21:08:56.235257 #15228] ERROR -- : /Users/noguchidaisuke/.rbenv/versions/2.6.3/lib/ruby/2.6.0/bundler/friendly_errors.rb:124:in `with_friendly_errors'
E, [2019-09-10T21:08:56.235429 #15228] ERROR -- : /Users/noguchidaisuke/.rbenv/versions/2.6.3/lib/ruby/gems/2.6.0/gems/bundler-1.17.2/exe/bundle:22:in `<top (required)>'
E, [2019-09-10T21:08:56.235642 #15228] ERROR -- : /Users/noguchidaisuke/.rbenv/versions/2.6.3/bin/bundle:23:in `load'
E, [2019-09-10T21:08:56.235817 #15228] ERROR -- : /Users/noguchidaisuke/.rbenv/versions/2.6.3/bin/bundle:23:in `<main>'
D, [2019-09-11T00:30:51.351229 #15215] DEBUG -- : waiting 16.0s after suspend/hibernation
D, [2019-09-11T01:06:30.376497 #15215] DEBUG -- : waiting 16.0s after suspend/hibernation
D, [2019-09-11T03:06:04.001580 #15215] DEBUG -- : waiting 16.0s after suspend/hibernation
D, [2019-09-11T05:06:46.508711 #15215] DEBUG -- : waiting 16.0s after suspend/hibernation
D, [2019-09-11T07:07:44.817738 #15215] DEBUG -- : waiting 16.0s after suspend/hibernation
D, [2019-09-11T08:15:12.645927 #15215] DEBUG -- : waiting 16.0s after suspend/hibernation
D, [2019-09-11T09:49:34.346499 #15215] DEBUG -- : waiting 16.0s after suspend/hibernation
D, [2019-09-11T12:25:38.553525 #15215] DEBUG -- : waiting 16.0s after suspend/hibernation
I, [2019-09-11T13:16:03.097387 #15718]  INFO -- : Refreshing Gem list
I, [2019-09-11T13:16:09.699277 #15718]  INFO -- : listening on addr=0.0.0.0:8081 fd=15
I, [2019-09-11T13:16:09.814710 #15718]  INFO -- : master process ready
I, [2019-09-11T13:16:09.823935 #15726]  INFO -- : worker=0 ready
I, [2019-09-11T13:16:09.832391 #15727]  INFO -- : worker=1 ready
I, [2019-09-11T13:17:54.431088 #15795]  INFO -- : Refreshing Gem list
I, [2019-09-11T13:18:00.398388 #15795]  INFO -- : unlinking existing socket=/Users/noguchidaisuke/gnavi/tmp/sockets/unicorn.sock
I, [2019-09-11T13:18:00.400967 #15795]  INFO -- : listening on addr=/Users/noguchidaisuke/gnavi/tmp/sockets/unicorn.sock fd=15
I, [2019-09-11T13:18:00.422174 #15795]  INFO -- : master process ready
I, [2019-09-11T13:18:00.426376 #15803]  INFO -- : worker=0 ready
I, [2019-09-11T13:18:00.427672 #15804]  INFO -- : worker=1 ready
D, [2019-09-11T18:03:07.087688 #15795] DEBUG -- : waiting 16.0s after suspend/hibernation
D, [2019-09-11T19:19:36.186214 #15795] DEBUG -- : waiting 16.0s after suspend/hibernation
D, [2019-09-11T21:57:04.826688 #15795] DEBUG -- : waiting 16.0s after suspend/hibernation
D, [2019-09-11T22:23:55.714382 #15795] DEBUG -- : waiting 16.0s after suspend/hibernation
D, [2019-09-11T22:37:22.918426 #15795] DEBUG -- : waiting 16.0s after suspend/hibernation
D, [2019-09-12T00:56:31.134581 #15795] DEBUG -- : waiting 16.0s after suspend/hibernation
D, [2019-09-12T01:32:42.986125 #15795] DEBUG -- : waiting 16.0s after suspend/hibernation
D, [2019-09-12T02:09:51.597730 #15795] DEBUG -- : waiting 16.0s after suspend/hibernation
D, [2019-09-12T02:40:47.863717 #15795] DEBUG -- : waiting 16.0s after suspend/hibernation
D, [2019-09-12T03:58:12.097660 #15795] DEBUG -- : waiting 16.0s after suspend/hibernation
D, [2019-09-12T05:59:10.330515 #15795] DEBUG -- : waiting 16.0s after suspend/hibernation
D, [2019-09-12T07:59:52.812830 #15795] DEBUG -- : waiting 16.0s after suspend/hibernation
D, [2019-09-12T09:00:25.457170 #15795] DEBUG -- : waiting 16.0s after suspend/hibernation
D, [2019-09-12T10:58:14.117132 #15795] DEBUG -- : waiting 16.0s after suspend/hibernation
D, [2019-09-12T13:28:07.394434 #15795] DEBUG -- : waiting 16.0s after suspend/hibernation
I, [2019-09-12T13:37:20.836926 #15795]  INFO -- : reaped #<Process::Status: pid 15803 exit 0> worker=0
I, [2019-09-12T13:37:20.945092 #15795]  INFO -- : reaped #<Process::Status: pid 15804 exit 0> worker=1
I, [2019-09-12T13:37:20.950285 #15795]  INFO -- : master complete
I, [2019-09-12T13:37:42.004082 #18041]  INFO -- : Refreshing Gem list
I, [2019-09-12T13:37:48.759296 #18041]  INFO -- : unlinking existing socket=/Users/noguchidaisuke/gnavi/tmp/sockets/unicorn.sock
I, [2019-09-12T13:37:48.760981 #18041]  INFO -- : listening on addr=/Users/noguchidaisuke/gnavi/tmp/sockets/unicorn.sock fd=15
I, [2019-09-12T13:37:48.823832 #18041]  INFO -- : master process ready
I, [2019-09-12T13:37:48.827380 #18049]  INFO -- : worker=0 ready
I, [2019-09-12T13:37:48.829630 #18050]  INFO -- : worker=1 ready
